[0,0] [323.8333]
[0,1] [323.86624]
[0,2] [323.9122]
[0,3] [323.96286]
[0,4] [324.01495]
[0,5] [324.06732]
[0,6] [324.11978]
[0,7] [324.17255]
[0,8] [324.226]
[0,9] [324.2807]
[0,10] [324.33725]
[0,11] [324.3963]
[0,12] [324.45883]
[0,13] [324.52594]
[0,14] [324.59927]
[0,15] [324.68112]
[0,16] [324.7748]
[0,17] [324.88425]
[0,18] [325.01236]
[0,19] [325.15485]
[0,20] [325.30048]
[0,21] [325.43906]
[0,22] [325.566]
[0,23] [325.6892]
[0,24] [325.8247]
[0,25] [326.0024]
[0,26] [326.28336]
[0,27] [326.80078]
[0,28] [327.8507]
[0,29] [328.71442]
[0,30] [329.0033]
[0,31] [328.85205]
[0,32] [328.0984]
[0,33] [328.01367]
[0,34] [328.46344]
[0,35] [329.65726]
[0,36] [332.33392]
[0,37] [338.12915]
[0,38] [341.74628]
[0,39] [343.28525]
[0,40] [343.76224]
[0,41] [343.51666]
[0,42] [342.4505]
[0,43] [339.96115]
[0,44] [334.52423]
[0,45] [329.79187]
[0,46] [327.52252]
[0,47] [326.37445]
[0,48] [325.74796]
[0,49] [325.37292]
[0,50] [325.12534]
[0,51] [324.94656]
[0,52] [324.8077]
[0,53] [324.6937]
[0,54] [324.5961]
[0,55] [324.5099]
[0,56] [324.43173]
[0,57] [324.35944]
[0,58] [324.29138]
[0,59] [324.2266]
[0,60] [324.1647]
[0,61] [324.10657]
[0,62] [324.05536]
[0,63] [324.0196]
[1,0] [323.82806]
[1,1] [323.86163]
[1,2] [323.90875]
[1,3] [323.96082]
[1,4] [324.0145]
[1,5] [324.06854]
[1,6] [324.12277]
[1,7] [324.1774]
[1,8] [324.23282]
[1,9] [324.28958]
[1,10] [324.34833]
[1,11] [324.40982]
[1,12] [324.47498]
[1,13] [324.5453]
[1,14] [324.62274]
[1,15] [324.71045]
[1,16] [324.8137]
[1,17] [324.9407]
[1,18] [325.10266]
[1,19] [325.30548]
[1,20] [325.51767]
[1,21] [325.69415]
[1,22] [325.84]
[1,23] [325.9717]
[1,24] [326.10928]
[1,25] [326.28244]
[1,26] [326.54816]
[1,27] [327.03137]
[1,28] [328.02014]
[1,29] [328.83408]
[1,30] [329.1079]
[1,31] [328.96582]
[1,32] [328.2306]
[1,33] [328.15384]
[1,34] [328.583]
[1,35] [329.7032]
[1,36] [332.21213]
[1,37] [337.71085]
[1,38] [341.10962]
[1,39] [342.5366]
[1,40] [342.96786]
[1,41] [342.72116]
[1,42] [341.7024]
[1,43] [339.33954]
[1,44] [334.14563]
[1,45] [329.63168]
[1,46] [327.47476]
[1,47] [326.37543]
[1,48] [325.76767]
[1,49] [325.39838]
[1,50] [325.1512]
[1,51] [324.9708]
[1,52] [324.82953]
[1,53] [324.71295]
[1,54] [324.61276]
[1,55] [324.52405]
[1,56] [324.44354]
[1,57] [324.369]
[1,58] [324.29883]
[1,59] [324.23203]
[1,60] [324.1683]
[1,61] [324.1085]
[1,62] [324.05594]
[1,63] [324.01935]
[2,0] [323.82227]
[2,1] [323.8565]
[2,2] [323.90488]
[2,3] [323.95862]
[2,4] [324.0143]
[2,5] [324.07056]
[2,6] [324.12717]
[2,7] [324.18433]
[2,8] [324.24246]
[2,9] [324.30212]
[2,10] [324.364]
[2,11] [324.42896]
[2,12] [324.49817]
[2,13] [324.57333]
[2,14] [324.65717]
[2,15] [324.7545]
[2,16] [324.87427]
[2,17] [325.0343]
[2,18] [325.26935]
[2,19] [325.64502]
[2,20] [326.06094]
[2,21] [326.32205]
[2,22] [326.50375]
[2,23] [326.64993]
[2,24] [326.78928]
[2,25] [326.95096]
[2,26] [327.18213]
[2,27] [327.58047]
[2,28] [328.3676]
[2,29] [329.02408]
[2,30] [329.26462]
[2,31] [329.1571]
[2,32] [328.4851]
[2,33] [328.44287]
[2,34] [328.8392]
[2,35] [329.8049]
[2,36] [331.90695]
[2,37] [336.41995]
[2,38] [339.21878]
[2,39] [340.3944]
[2,40] [340.7313]
[2,41] [340.48224]
[2,42] [339.5632]
[2,43] [337.50186]
[2,44] [333.0951]
[2,45] [329.24414]
[2,46] [327.3478]
[2,47] [326.35016]
[2,48] [325.78128]
[2,49] [325.42572]
[2,50] [325.18207]
[2,51] [325.001]
[2,52] [324.85745]
[2,53] [324.7379]
[2,54] [324.63464]
[2,55] [324.54285]
[2,56] [324.45932]
[2,57] [324.3819]
[2,58] [324.309]
[2,59] [324.23962]
[2,60] [324.17358]
[2,61] [324.11176]
[2,62] [324.05765]
[2,63] [324.02017]
[3,0] [323.81738]
[3,1] [323.85217]
[3,2] [323.90167]
[3,3] [323.957]
[3,4] [324.0146]
[3,5] [324.0731]
[3,6] [324.13217]
[3,7] [324.192]
[3,8] [324.25305]
[3,9] [324.31586]
[3,10] [324.38123]
[3,11] [324.4501]
[3,12] [324.52393]
[3,13] [324.6047]
[3,14] [324.69608]
[3,15] [324.80475]
[3,16] [324.9443]
[3,17] [325.14413]
[3,18] [325.47137]
[3,19] [326.09064]
[3,20] [326.80026]
[3,21] [327.16895]
[3,22] [327.39368]
[3,23] [327.55606]
[3,24] [327.69565]
[3,25] [327.8398]
[3,26] [328.02118]
[3,27] [328.2969]
[3,28] [328.77155]
[3,29] [329.1944]
[3,30] [329.41562]
[3,31] [329.424]
[3,32] [328.95215]
[3,33] [329.0276]
[3,34] [329.4129]
[3,35] [330.18192]
[3,36] [331.71735]
[3,37] [334.71075]
[3,38] [336.63245]
[3,39] [337.46198]
[3,40] [337.66943]
[3,41] [337.41037]
[3,42] [336.6085]
[3,43] [334.9293]
[3,44] [331.6614]
[3,45] [328.7478]
[3,46] [327.1797]
[3,47] [326.30545]
[3,48] [325.78455]
[3,49] [325.4473]
[3,50] [325.20975]
[3,51] [325.02957]
[3,52] [324.8846]
[3,53] [324.76266]
[3,54] [324.65662]
[3,55] [324.5619]
[3,56] [324.47546]
[3,57] [324.39523]
[3,58] [324.31964]
[3,59] [324.2478]
[3,60] [324.1795]
[3,61] [324.11578]
[3,62] [324.06027]
[3,63] [324.022]
[4,0] [323.8136]
[4,1] [323.84885]
[4,2] [323.8993]
[4,3] [323.956]
[4,4] [324.01538]
[4,5] [324.07593]
[4,6] [324.13733]
[4,7] [324.19977]
[4,8] [324.26364]
[4,9] [324.32965]
[4,10] [324.3985]
[4,11] [324.47144]
[4,12] [324.55]
[4,13] [324.6367]
[4,14] [324.73584]
[4,15] [324.85593]
[4,16] [325.01413]
[4,17] [325.2474]
[4,18] [325.63736]
[4,19] [326.36728]
[4,20] [327.19864]
[4,21] [327.63657]
[4,22] [327.89536]
[4,23] [328.07123]
[4,24] [328.20883]
[4,25] [328.33182]
[4,26] [328.458]
[4,27] [328.61456]
[4,28] [328.8774]
[4,29] [329.1579]
[4,30] [329.43765]
[4,31] [329.76053]
[4,32] [329.91113]
[4,33] [330.30414]
[4,34] [330.75168]
[4,35] [331.35184]
[4,36] [332.4036]
[4,37] [334.4832]
[4,38] [335.74783]
[4,39] [336.2495]
[4,40] [336.31937]
[4,41] [336.0343]
[4,42] [335.30347]
[4,43] [333.83163]
[4,44] [330.9695]
[4,45] [328.42224]
[4,46] [327.04672]
[4,47] [326.2627]
[4,48] [325.7823]
[4,49] [325.4626]
[4,50] [325.23193]
[4,51] [325.05368]
[4,52] [324.90823]
[4,53] [324.78467]
[4,54] [324.67642]
[4,55] [324.57928]
[4,56] [324.49036]
[4,57] [324.40765]
[4,58] [324.3297]
[4,59] [324.2557]
[4,60] [324.18546]
[4,61] [324.12012]
[4,62] [324.06342]
[4,63] [324.0245]
[5,0] [323.81082]
[5,1] [323.84644]
[5,2] [323.89764]
[5,3] [323.95554]
[5,4] [324.01645]
[5,5] [324.07883]
[5,6] [324.14236]
[5,7] [324.20718]
[5,8] [324.2738]
[5,9] [324.34283]
[5,10] [324.4151]
[5,11] [324.492]
[5,12] [324.57526]
[5,13] [324.66772]
[5,14] [324.7745]
[5,15] [324.90533]
[5,16] [325.08008]
[5,17] [325.3408]
[5,18] [325.77805]
[5,19] [326.5839]
[5,20] [327.49716]
[5,21] [327.98578]
[5,22] [328.27124]
[5,23] [328.45764]
[5,24] [328.59167]
[5,25] [328.6909]
[5,26] [328.75284]
[5,27] [328.75027]
[5,28] [328.6098]
[5,29] [328.619]
[5,30] [329.01236]
[5,31] [329.98596]
[5,32] [332.17227]
[5,33] [333.22772]
[5,34] [333.82736]
[5,35] [334.27515]
[5,36] [334.7613]
[5,37] [335.29376]
[5,38] [335.65936]
[5,39] [335.80304]
[5,40] [335.7318]
[5,41] [335.40897]
[5,42] [334.70865]
[5,43] [333.33307]
[5,44] [330.62875]
[5,45] [328.2332]
[5,46] [326.95718]
[5,47] [326.22906]
[5,48] [325.77783]
[5,49] [325.47253]
[5,50] [325.24847]
[5,51] [325.07266]
[5,52] [324.9275]
[5,53] [324.80304]
[5,54] [324.69324]
[5,55] [324.5942]
[5,56] [324.5033]
[5,57] [324.41855]
[5,58] [324.33865]
[5,59] [324.26285]
[5,60] [324.19098]
[5,61] [324.12433]
[5,62] [324.06665]
[5,63] [324.02722]
[6,0] [323.80875]
[6,1] [323.84467]
[6,2] [323.8965]
[6,3] [323.95538]
[6,4] [324.0176]
[6,5] [324.0816]
[6,6] [324.14703]
[6,7] [324.21405]
[6,8] [324.28314]
[6,9] [324.35498]
[6,10] [324.43054]
[6,11] [324.51123]
[6,12] [324.59897]
[6,13] [324.69702]
[6,14] [324.81104]
[6,15] [324.95175]
[6,16] [325.14114]
[6,17] [325.42596]
[6,18] [325.9089]
[6,19] [326.8193]
[6,20] [327.85608]
[6,21] [328.39542]
[6,22] [328.7041]
[6,23] [328.89948]
[6,24] [329.03046]
[6,25] [329.10898]
[6,26] [329.1137]
[6,27] [328.96487]
[6,28] [328.43924]
[6,29] [328.1831]
[6,30] [328.66116]
[6,31] [330.1703]
[6,32] [333.94977]
[6,33] [335.55536]
[6,34] [336.2894]
[6,35] [336.62772]
[6,36] [336.6865]
[6,37] [336.06674]
[6,38] [335.75644]
[6,39] [335.6294]
[6,40] [335.45068]
[6,41] [335.09555]
[6,42] [334.40726]
[6,43] [333.07755]
[6,44] [330.44308]
[6,45] [328.11798]
[6,46] [326.89548]
[6,47] [326.2021]
[6,48] [325.7715]
[6,49] [325.47778]
[6,50] [325.25974]
[6,51] [325.08667]
[6,52] [324.9423]
[6,53] [324.81754]
[6,54] [324.70676]
[6,55] [324.6064]
[6,56] [324.51398]
[6,57] [324.42764]
[6,58] [324.3462]
[6,59] [324.26892]
[6,60] [324.1958]
[6,61] [324.12808]
[6,62] [324.06964]
[6,63] [324.0298]
[7,0] [323.80704]
[7,1] [323.8432]
[7,2] [323.8956]
[7,3] [323.95532]
[7,4] [324.01865]
[7,5] [324.08405]
[7,6] [324.15112]
[7,7] [324.2201]
[7,8] [324.2914]
[7,9] [324.36588]
[7,10] [324.44443]
[7,11] [324.52866]
[7,12] [324.62073]
[7,13] [324.7241]
[7,14] [324.84488]
[7,15] [324.99466]
[7,16] [325.19656]
[7,17] [325.49954]
[7,18] [326.01178]
[7,19] [326.98703]
[7,20] [328.1008]
[7,21] [328.67142]
[7,22] [328.99677]
[7,23] [329.2001]
[7,24] [329.3308]
[7,25] [329.39764]
[7,26] [329.3706]
[7,27] [329.15015]
[7,28] [328.469]
[7,29] [328.09778]
[7,30] [328.58255]
[7,31] [330.23422]
[7,32] [334.33487]
[7,33] [336.09143]
[7,34] [336.85782]
[7,35] [337.14685]
[7,36] [337.0662]
[7,37] [336.18683]
[7,38] [335.6894]
[7,39] [335.46555]
[7,40] [335.24332]
[7,41] [334.8769]
[7,42] [334.2005]
[7,43] [332.90152]
[7,44] [330.3104]
[7,45] [328.02982]
[7,46] [326.84372]
[7,47] [326.1761]
[7,48] [325.76215]
[7,49] [325.47845]
[7,50] [325.2661]
[7,51] [325.096]
[7,52] [324.95288]
[7,53] [324.82828]
[7,54] [324.71704]
[7,55] [324.6158]
[7,56] [324.52228]
[7,57] [324.43478]
[7,58] [324.35217]
[7,59] [324.27377]
[7,60] [324.19965]
[7,61] [324.1311]
[7,62] [324.07205]
[7,63] [324.0319]
[8,0] [323.80548]
[8,1] [323.84186]
[8,2] [323.89468]
[8,3] [323.95508]
[8,4] [324.01932]
[8,5] [324.0859]
[8,6] [324.15445]
[8,7] [324.2251]
[8,8] [324.29843]
[8,9] [324.37518]
[8,10] [324.4565]
[8,11] [324.54404]
[8,12] [324.6401]
[8,13] [324.74857]
[8,14] [324.87598]
[8,15] [325.03455]
[8,16] [325.24792]
[8,17] [325.5634]
[8,18] [326.07678]
[8,19] [326.98056]
[8,20] [327.9942]
[8,21] [328.55963]
[8,22] [328.89505]
[8,23] [329.107]
[8,24] [329.24142]
[8,25] [329.30692]
[8,26] [329.27524]
[8,27] [329.05972]
[8,28] [328.4661]
[8,29] [328.13458]
[8,30] [328.5411]
[8,31] [329.99033]
[8,32] [333.68942]
[8,33] [335.24454]
[8,34] [335.93033]
[8,35] [336.21735]
[8,36] [336.24258]
[8,37] [335.65323]
[8,38] [335.33417]
[8,39] [335.17365]
[8,40] [334.9721]
[8,41] [334.62]
[8,42] [333.96674]
[8,43] [332.7054]
[8,44] [330.1644]
[8,45] [327.9336]
[8,46] [326.78638]
[8,47] [326.1453]
[8,48] [325.74808]
[8,49] [325.4745]
[8,50] [325.268]
[8,51] [325.1011]
[8,52] [324.95956]
[8,53] [324.8355]
[8,54] [324.72418]
[8,55] [324.62247]
[8,56] [324.52823]
[8,57] [324.4399]
[8,58] [324.3564]
[8,59] [324.27722]
[8,60] [324.20236]
[8,61] [324.13324]
[8,62] [324.07376]
[8,63] [324.03333]
[9,0] [323.80383]
[9,1] [323.84036]
[9,2] [323.89352]
[9,3] [323.95444]
[9,4] [324.01947]
[9,5] [324.08704]
[9,6] [324.15677]
[9,7] [324.2289]
[9,8] [324.30396]
[9,9] [324.38275]
[9,10] [324.46652]
[9,11] [324.55704]
[9,12] [324.65686]
[9,13] [324.77017]
[9,14] [324.90433]
[9,15] [325.0727]
[9,16] [325.30078]
[9,17] [325.63818]
[9,18] [326.1809]
[9,19] [327.113]
[9,20] [328.15265]
[9,21] [328.7479]
[9,22] [329.10577]
[9,23] [329.332]
[9,24] [329.47516]
[9,25] [329.54672]
[9,26] [329.52222]
[9,27] [329.32092]
[9,28] [328.75073]
[9,29] [328.38336]
[9,30] [328.59116]
[9,31] [329.44974]
[9,32] [331.38745]
[9,33] [332.35117]
[9,34] [332.84555]
[9,35] [333.15613]
[9,36] [333.52542]
[9,37] [334.26163]
[9,38] [334.60815]
[9,39] [334.64322]
[9,40] [334.50616]
[9,41] [334.18857]
[9,42] [333.57654]
[9,43] [332.3815]
[9,44] [329.93582]
[9,45] [327.79556]
[9,46] [326.70975]
[9,47] [326.105]
[9,48] [325.72827]
[9,49] [325.46606]
[9,50] [325.2659]
[9,51] [325.10248]
[9,52] [324.96274]
[9,53] [324.83948]
[9,54] [324.72836]
[9,55] [324.62646]
[9,56] [324.53183]
[9,57] [324.443]
[9,58] [324.35895]
[9,59] [324.27917]
[9,60] [324.20383]
[9,61] [324.13428]
[9,62] [324.07452]
[9,63] [324.03394]
[10,0] [323.8019]
[10,1] [323.8385]
[10,2] [323.8919]
[10,3] [323.95325]
[10,4] [324.01886]
[10,5] [324.08722]
[10,6] [324.15796]
[10,7] [324.2313]
[10,8] [324.30777]
[10,9] [324.3883]
[10,10] [324.4742]
[10,11] [324.56732]
[10,12] [324.67053]
[10,13] [324.78854]
[10,14] [324.92963]
[10,15] [325.10934]
[10,16] [325.358]
[10,17] [325.73495]
[10,18] [326.35565]
[10,19] [327.4288]
[10,20] [328.6247]
[10,21] [329.30844]
[10,22] [329.71118]
[10,23] [329.9606]
[10,24] [330.11768]
[10,25] [330.20154]
[10,26] [330.19485]
[10,27] [330.0255]
[10,28] [329.5018]
[10,29] [329.1108]
[10,30] [329.1142]
[10,31] [329.42093]
[10,32] [330.1534]
[10,33] [330.55472]
[10,34] [330.82443]
[10,35] [331.09967]
[10,36] [331.62805]
[10,37] [332.90836]
[10,38] [333.5655]
[10,39] [333.71402]
[10,40] [333.625]
[10,41] [333.3461]
[10,42] [332.79788]
[10,43] [331.73026]
[10,44] [329.5122]
[10,45] [327.57748]
[10,46] [326.6037]
[10,47] [326.05362]
[10,48] [325.7032]
[10,49] [325.45395]
[10,50] [325.26047]
[10,51] [325.1006]
[10,52] [324.96274]
[10,53] [324.84048]
[10,54] [324.72974]
[10,55] [324.62793]
[10,56] [324.53314]
[10,57] [324.44403]
[10,58] [324.35968]
[10,59] [324.27957]
[10,60] [324.20395]
[10,61] [324.13416]
[10,62] [324.07422]
[10,63] [324.03357]
[11,0] [323.79953]
[11,1] [323.83618]
[11,2] [323.88974]
[11,3] [323.95135]
[11,4] [324.0174]
[11,5] [324.08633]
[11,6] [324.15784]
[11,7] [324.23212]
[11,8] [324.30975]
[11,9] [324.39166]
[11,10] [324.4793]
[11,11] [324.57462]
[11,12] [324.68073]
[11,13] [324.80286]
[11,14] [324.95056]
[11,15] [325.1423]
[11,16] [325.4158]
[11,17] [325.85028]
[11,18] [326.6153]
[11,19] [328.0709]
[11,20] [329.72626]
[11,21] [330.58234]
[11,22] [331.05325]
[11,23] [331.33282]
[11,24] [331.50732]
[11,25] [331.60867]
[11,26] [331.63266]
[11,27] [331.5337]
[11,28] [331.19592]
[11,29] [330.89645]
[11,30] [330.74014]
[11,31] [330.5113]
[11,32] [329.9036]
[11,33] [329.7429]
[11,34] [329.7765]
[11,35] [329.9401]
[11,36] [330.35614]
[11,37] [331.29007]
[11,38] [331.7956]
[11,39] [331.91574]
[11,40] [331.8323]
[11,41] [331.58435]
[11,42] [331.12036]
[11,43] [330.2789]
[11,44] [328.67892]
[11,45] [327.25766]
[11,46] [326.47388]
[11,47] [325.99686]
[11,48] [325.67618]
[11,49] [325.43997]
[11,50] [325.2527]
[11,51] [325.09604]
[11,52] [324.95996]
[11,53] [324.83868]
[11,54] [324.7285]
[11,55] [324.62692]
[11,56] [324.5322]
[11,57] [324.44305]
[11,58] [324.3586]
[11,59] [324.27838]
[11,60] [324.20264]
[11,61] [324.13278]
[11,62] [324.0728]
[11,63] [324.03217]
[12,0] [323.82904]
[12,1] [323.86566]
[12,2] [323.91928]
[12,3] [323.9811]
[12,4] [324.04742]
[12,5] [324.1168]
[12,6] [324.1888]
[12,7] [324.26376]
[12,8] [324.34225]
[12,9] [324.42523]
[12,10] [324.5142]
[12,11] [324.61115]
[12,12] [324.71945]
[12,13] [324.8448]
[12,14] [324.9977]
[12,15] [325.19922]
[12,16] [325.49377]
[12,17] [325.98026]
[12,18] [326.88834]
[12,19] [328.77594]
[12,20] [330.9624]
[12,21] [331.99222]
[12,22] [332.5261]
[12,23] [332.83246]
[12,24] [333.02332]
[12,25] [333.14316]
[12,26] [333.20233]
[12,27] [333.18823]
[12,28] [333.09625]
[12,29] [332.9562]
[12,30] [332.71964]
[12,31] [332.08087]
[12,32] [330.1678]
[12,33] [329.56406]
[12,34] [329.4178]
[12,35] [329.45877]
[12,36] [329.6278]
[12,37] [329.92212]
[12,38] [330.1031]
[12,39] [330.1264]
[12,40] [330.01923]
[12,41] [329.78442]
[12,42] [329.3862]
[12,43] [328.75626]
[12,44] [327.84433]
[12,45] [326.97974]
[12,46] [326.3707]
[12,47] [325.9527]
[12,48] [325.65384]
[12,49] [325.42667]
[12,50] [325.2437]
[12,51] [325.08936]
[12,52] [324.9547]
[12,53] [324.83432]
[12,54] [324.7247]
[12,55] [324.6235]
[12,56] [324.52905]
[12,57] [324.44003]
[12,58] [324.35568]
[12,59] [324.2755]
[12,60] [324.19983]
[12,61] [324.13007]
[12,62] [324.07016]
[12,63] [324.02957]
[13,0] [323.82538]
[13,1] [323.86194]
[13,2] [323.91553]
[13,3] [323.9774]
[13,4] [324.04382]
[13,5] [324.11334]
[13,6] [324.18567]
[13,7] [324.26105]
[13,8] [324.34006]
[13,9] [324.4237]
[13,10] [324.51346]
[13,11] [324.61148]
[13,12] [324.72113]
[13,13] [324.84836]
[13,14] [325.00403]
[13,15] [325.21]
[13,16] [325.5125]
[13,17] [326.0143]
[13,18] [326.95258]
[13,19] [328.89532]
[13,20] [331.14313]
[13,21] [332.20786]
[13,22] [332.76028]
[13,23] [333.0781]
[13,24] [333.2792]
[13,25] [333.41345]
[13,26] [333.49924]
[13,27] [333.53778]
[13,28] [333.54007]
[13,29] [333.4828]
[13,30] [333.2901]
[13,31] [332.68286]
[13,32] [330.8162]
[13,33] [330.219]
[13,34] [330.05188]
[13,35] [330.04092]
[13,36] [330.09787]
[13,37] [330.18158]
[13,38] [330.21774]
[13,39] [330.173]
[13,40] [330.0366]
[13,41] [329.78912]
[13,42] [329.3849]
[13,43] [328.75098]
[13,44] [327.83493]
[13,45] [326.96744]
[13,46] [326.3576]
[13,47] [325.94003]
[13,48] [325.6421]
[13,49] [325.41605]
[13,50] [325.2342]
[13,51] [325.08087]
[13,52] [324.94708]
[13,53] [324.82742]
[13,54] [324.7184]
[13,55] [324.61774]
[13,56] [324.52365]
[13,57] [324.435]
[13,58] [324.3509]
[13,59] [324.271]
[13,60] [324.19553]
[13,61] [324.12595]
[13,62] [324.06625]
[13,63] [324.02582]
[14,0] [323.82092]
[14,1] [323.8574]
[14,2] [323.91083]
[14,3] [323.9726]
[14,4] [324.03897]
[14,5] [324.10852]
[14,6] [324.1809]
[14,7] [324.2564]
[14,8] [324.33563]
[14,9] [324.41956]
[14,10] [324.50964]
[14,11] [324.60806]
[14,12] [324.71817]
[14,13] [324.8458]
[14,14] [325.0016]
[14,15] [325.2064]
[14,16] [325.50317]
[14,17] [325.98334]
[14,18] [326.84497]
[14,19] [328.51666]
[14,20] [330.42523]
[14,21] [331.39462]
[14,22] [331.92114]
[14,23] [332.234]
[14,24] [332.4382]
[14,25] [332.5818]
[14,26] [332.6863]
[14,27] [332.76056]
[14,28] [332.81567]
[14,29] [332.84262]
[14,30] [332.81934]
[14,31] [332.67926]
[14,32] [332.29697]
[14,33] [332.15146]
[14,34] [332.11774]
[14,35] [332.1272]
[14,36] [332.1481]
[14,37] [332.1594]
[14,38] [332.13348]
[14,39] [332.0488]
[14,40] [331.88425]
[14,41] [331.60226]
[14,42] [331.12198]
[14,43] [330.26895]
[14,44] [328.65265]
[14,45] [327.2198]
[14,46] [326.43353]
[14,47] [325.958]
[14,48] [325.6404]
[14,49] [325.4077]
[14,50] [325.22394]
[14,51] [325.0704]
[14,52] [324.93704]
[14,53] [324.818]
[14,54] [324.70966]
[14,55] [324.6096]
[14,56] [324.51605]
[14,57] [324.4279]
[14,58] [324.34427]
[14,59] [324.26477]
[14,60] [324.18967]
[14,61] [324.12045]
[14,62] [324.06107]
[14,63] [324.0208]
[15,0] [323.81564]
[15,1] [323.85193]
[15,2] [323.90515]
[15,3] [323.96667]
[15,4] [324.03284]
[15,5] [324.1022]
[15,6] [324.17444]
[15,7] [324.24982]
[15,8] [324.32892]
[15,9] [324.41272]
[15,10] [324.5027]
[15,11] [324.60086]
[15,12] [324.7106]
[15,13] [324.83743]
[15,14] [324.9914]
[15,15] [325.19156]
[15,16] [325.47614]
[15,17] [325.92316]
[15,18] [326.69238]
[15,19] [328.10333]
[15,20] [329.6961]
[15,21] [330.55432]
[15,22] [331.04202]
[15,23] [331.34247]
[15,24] [331.5452]
[15,25] [331.69406]
[15,26] [331.81143]
[15,27] [331.9109]
[15,28] [332.00583]
[15,29] [332.1134]
[15,30] [332.2741]
[15,31] [332.60608]
[15,32] [333.50403]
[15,33] [333.8218]
[15,34] [333.95306]
[15,35] [334.01273]
[15,36] [334.03415]
[15,37] [334.02286]
[15,38] [333.97083]
[15,39] [333.86334]
[15,40] [333.67502]
[15,41] [333.35388]
[15,42] [332.7848]
[15,43] [331.70166]
[15,44] [329.45956]
[15,45] [327.50824]
[15,46] [326.5323]
[15,47] [325.98605]
[15,48] [325.64172]
[15,49] [325.39908]
[15,50] [325.21182]
[15,51] [325.05746]
[15,52] [324.92432]
[15,53] [324.8059]
[15,54] [324.69833]
[15,55] [324.59903]
[15,56] [324.50626]
[15,57] [324.41876]
[15,58] [324.33575]
[15,59] [324.25684]
[15,60] [324.18228]
[15,61] [324.11353]
[15,62] [324.05453]
[15,63] [324.01456]
[16,0] [323.80948]
[16,1] [323.84552]
[16,2] [323.8984]
[16,3] [323.9596]
[16,4] [324.0254]
[16,5] [324.0944]
[16,6] [324.16626]
[16,7] [324.2412]
[16,8] [324.3199]
[16,9] [324.40323]
[16,10] [324.49258]
[16,11] [324.59]
[16,12] [324.69867]
[16,13] [324.8238]
[16,14] [324.97476]
[16,15] [325.16922]
[16,16] [325.44183]
[16,17] [325.8629]
[16,18] [326.57706]
[16,19] [327.8844]
[16,20] [329.362]
[16,21] [330.15735]
[16,22] [330.61603]
[16,23] [330.90454]
[16,24] [331.10406]
[16,25] [331.2554]
[16,26] [331.38104]
[16,27] [331.49713]
[16,28] [331.62234]
[16,29] [331.78946]
[16,30] [332.0719]
[16,31] [332.64868]
[16,32] [333.96317]
[16,33] [334.52103]
[16,34] [334.76422]
[16,35] [334.86853]
[16,36] [334.9014]
[16,37] [334.88556]
[16,38] [334.82306]
[16,39] [334.70282]
[16,40] [334.49728]
[16,41] [334.14615]
[16,42] [333.51596]
[16,43] [332.307]
[16,44] [329.83856]
[16,45] [327.6842]
[16,46] [326.6004]
[16,47] [326.00427]
[16,48] [325.63828]
[16,49] [325.38678]
[16,50] [325.19635]
[16,51] [325.04132]
[16,52] [324.90854]
[16,53] [324.79095]
[16,54] [324.68436]
[16,55] [324.58603]
[16,56] [324.49417]
[16,57] [324.40756]
[16,58] [324.32535]
[16,59] [324.2472]
[16,60] [324.1733]
[16,61] [324.10516]
[16,62] [324.04666]
[16,63] [324.00702]
[17,0] [323.80237]
[17,1] [323.83813]
[17,2] [323.89062]
[17,3] [323.9513]
[17,4] [324.01657]
[17,5] [324.08502]
[17,6] [324.1563]
[17,7] [324.23065]
[17,8] [324.3086]
[17,9] [324.39108]
[17,10] [324.47943]
[17,11] [324.5756]
[17,12] [324.68256]
[17,13] [324.80536]
[17,14] [324.9528]
[17,15] [325.14148]
[17,16] [325.4042]
[17,17] [325.80774]
[17,18] [326.4919]
[17,19] [327.7543]
[17,20] [329.1843]
[17,21] [329.94696]
[17,22] [330.38696]
[17,23] [330.66602]
[17,24] [330.86182]
[17,25] [331.0137]
[17,26] [331.14417]
[17,27] [331.2709]
[17,28] [331.41617]
[17,29] [331.6205]
[17,30] [331.9705]
[17,31] [332.66046]
[17,32] [334.12817]
[17,33] [334.79675]
[17,34] [335.1026]
[17,35] [335.23703]
[17,36] [335.28122]
[17,37] [335.26672]
[17,38] [335.20062]
[17,39] [335.07382]
[17,40] [334.85788]
[17,41] [334.48834]
[17,42] [333.8243]
[17,43] [332.556]
[17,44] [330.00037]
[17,45] [327.7646]
[17,46] [326.62863]
[17,47] [326.0046]
[17,48] [325.62537]
[17,49] [325.36835]
[17,50] [325.1762]
[17,51] [325.02124]
[17,52] [324.88937]
[17,53] [324.77295]
[17,54] [324.6676]
[17,55] [324.57053]
[17,56] [324.47983]
[17,57] [324.39432]
[17,58] [324.3131]
[17,59] [324.23584]
[17,60] [324.16278]
[17,61] [324.0954]
[17,62] [324.0375]
[17,63] [323.99826]
[18,0] [323.79434]
[18,1] [323.82974]
[18,2] [323.8817]
[18,3] [323.9418]
[18,4] [324.00644]
[18,5] [324.07416]
[18,6] [324.14465]
[18,7] [324.2181]
[18,8] [324.29504]
[18,9] [324.37637]
[18,10] [324.46332]
[18,11] [324.55777]
[18,12] [324.66257]
[18,13] [324.78247]
[18,14] [324.92596]
[18,15] [325.10898]
[18,16] [325.3633]
[18,17] [325.7544]
[18,18] [326.42062]
[18,19] [327.66]
[18,20] [329.0663]
[18,21] [329.81024]
[18,22] [330.2375]
[18,23] [330.5087]
[18,24] [330.70038]
[18,25] [330.8512]
[18,26] [330.98364]
[18,27] [331.11624]
[18,28] [331.27313]
[18,29] [331.49808]
[18,30] [331.88208]
[18,31] [332.62256]
[18,32] [334.15118]
[18,33] [334.86917]
[18,34] [335.2069]
[18,35] [335.35898]
[18,36] [335.41138]
[18,37] [335.3995]
[18,38] [335.333]
[18,39] [335.2038]
[18,40] [334.98315]
[18,41] [334.6051]
[18,42] [333.92596]
[18,43] [332.63336]
[18,44] [330.04538]
[18,45] [327.779]
[18,46] [326.6217]
[18,47] [325.98572]
[18,48] [325.60098]
[18,49] [325.3423]
[18,50] [325.15045]
[18,51] [324.9967]
[18,52] [324.86642]
[18,53] [324.75174]
[18,54] [324.648]
[18,55] [324.5525]
[18,56] [324.46323]
[18,57] [324.379]
[18,58] [324.299]
[18,59] [324.2228]
[18,60] [324.15076]
[18,61] [324.0842]
[18,62] [324.027]
[18,63] [323.98825]
[19,0] [323.78534]
[19,1] [323.82037]
[19,2] [323.87173]
[19,3] [323.93112]
[19,4] [323.99493]
[19,5] [324.0618]
[19,6] [324.13132]
[19,7] [324.20367]
[19,8] [324.27936]
[19,9] [324.3592]
[19,10] [324.4444]
[19,11] [324.5367]
[19,12] [324.63882]
[19,13] [324.75534]
[19,14] [324.89435]
[19,15] [325.07144]
[19,16] [325.31775]
[19,17] [325.69815]
[19,18] [326.35068]
[19,19] [327.574]
[19,20] [328.96405]
[19,21] [329.69397]
[19,22] [330.11044]
[19,23] [330.374]
[19,24] [330.5607]
[19,25] [330.7088]
[19,26] [330.8408]
[19,27] [330.97534]
[19,28] [331.1373]
[19,29] [331.37152]
[19,30] [331.7703]
[19,31] [332.53116]
[19,32] [334.08313]
[19,33] [334.82123]
[19,34] [335.17325]
[19,35] [335.3341]
[19,36] [335.3914]
[19,37] [335.38202]
[19,38] [335.3167]
[19,39] [335.18814]
[19,40] [334.96765]
[19,41] [334.5889]
[19,42] [333.9075]
[19,43] [332.61057]
[19,44] [330.01663]
[19,45] [327.7448]
[19,46] [326.58444]
[19,47] [325.94788]
[19,48] [325.5643]
[19,49] [325.30774]
[19,50] [325.11847]
[19,51] [324.96732]
[19,52] [324.83954]
[19,53] [324.72714]
[19,54] [324.62555]
[19,55] [324.53192]
[19,56] [324.44437]
[19,57] [324.3617]
[19,58] [324.28308]
[19,59] [324.20813]
[19,60] [324.13718]
[19,61] [324.07162]
[19,62] [324.01526]
[19,63] [323.97702]
[20,0] [323.77542]
[20,1] [323.81]
[20,2] [323.8607]
[20,3] [323.91925]
[20,4] [323.98215]
[20,5] [324.04797]
[20,6] [324.11636]
[20,7] [324.1874]
[20,8] [324.2616]
[20,9] [324.3397]
[20,10] [324.4228]
[20,11] [324.51257]
[20,12] [324.61154]
[20,13] [324.7241]
[20,14] [324.85797]
[20,15] [325.0283]
[20,16] [325.26566]
[20,17] [325.63434]
[20,18] [326.27222]
[20,19] [327.47864]
[20,20] [328.85156]
[20,21] [329.5664]
[20,22] [329.9709]
[20,23] [330.22543]
[20,24] [330.4057]
[20,25] [330.54938]
[20,26] [330.67856]
[20,27] [330.8117]
[20,28] [330.97357]
[20,29] [331.20895]
[20,30] [331.61005]
[20,31] [332.37408]
[20,32] [333.9296]
[20,33] [334.6711]
[20,34] [335.026]
[20,35] [335.18918]
[20,36] [335.24835]
[20,37] [335.2408]
[20,38] [335.1778]
[20,39] [335.0524]
[20,40] [334.83643]
[20,41] [334.4641]
[20,42] [333.79156]
[20,43] [332.50598]
[20,44] [329.92526]
[20,45] [327.66666]
[20,46] [326.51785]
[20,47] [325.89072]
[20,48] [325.5147]
[20,49] [325.26422]
[20,50] [325.0799]
[20,51] [324.9329]
[20,52] [324.80862]
[20,53] [324.69922]
[20,54] [324.60022]
[20,55] [324.50885]
[20,56] [324.4233]
[20,57] [324.3424]
[20,58] [324.26538]
[20,59] [324.19186]
[20,60] [324.12216]
[20,61] [324.05774]
[20,62] [324.00226]
[20,63] [323.9646]
[21,0] [323.7646]
[21,1] [323.79868]
[21,2] [323.8486]
[21,3] [323.90625]
[21,4] [323.9681]
[21,5] [324.03275]
[21,6] [324.09982]
[21,7] [324.16937]
[21,8] [324.24185]
[21,9] [324.31796]
[21,10] [324.39868]
[21,11] [324.48553]
[21,12] [324.58093]
[21,13] [324.6888]
[21,14] [324.81662]
[21,15] [324.97876]
[21,16] [325.20486]
[21,17] [325.55795]
[21,18] [326.17502]
[21,19] [327.35602]
[21,20] [328.70294]
[21,21] [329.3959]
[21,22] [329.78387]
[21,23] [330.0265]
[21,24] [330.19815]
[21,25] [330.33542]
[21,26] [330.45956]
[21,27] [330.5883]
[21,28] [330.74545]
[21,29] [330.97482]
[21,30] [331.3673]
[21,31] [332.1193]
[21,32] [333.66058]
[21,33] [334.39066]
[21,34] [334.73834]
[21,35] [334.89786]
[21,36] [334.95596]
[21,37] [334.94946]
[21,38] [334.88953]
[21,39] [334.76974]
[21,40] [334.563]
[21,41] [334.20517]
[21,42] [333.55463]
[21,43] [332.3002]
[21,44] [329.7581]
[21,45] [327.5371]
[21,46] [326.41827]
[21,47] [325.8126]
[21,48] [325.45148]
[21,49] [325.2114]
[21,50] [325.03467]
[21,51] [324.89343]
[21,52] [324.77368]
[21,53] [324.668]
[21,54] [324.5721]
[21,55] [324.48337]
[21,56] [324.40015]
[21,57] [324.32123]
[21,58] [324.24597]
[21,59] [324.17404]
[21,60] [324.10574]
[21,61] [324.0425]
[21,62] [323.98804]
[21,63] [323.95105]
[22,0] [323.7528]
[22,1] [323.78635]
[22,2] [323.83545]
[22,3] [323.8921]
[22,4] [323.95282]
[22,5] [324.01617]
[22,6] [324.0818]
[22,7] [324.1497]
[22,8] [324.2203]
[22,9] [324.2942]
[22,10] [324.37225]
[22,11] [324.45587]
[22,12] [324.54715]
[22,13] [324.64975]
[22,14] [324.7704]
[22,15] [324.92224]
[22,16] [325.1331]
[22,17] [325.46286]
[22,18] [326.0448]
[22,19] [327.178]
[22,20] [328.47495]
[22,21] [329.12997]
[22,22] [329.4924]
[22,23] [329.71823]
[22,24] [329.8784]
[22,25] [330.00714]
[22,26] [330.12408]
[22,27] [330.24542]
[22,28] [330.39325]
[22,29] [330.60873]
[22,30] [330.97882]
[22,31] [331.69623]
[22,32] [333.19324]
[22,33] [333.8897]
[22,34] [334.21698]
[22,35] [334.3658]
[22,36] [334.4196]
[22,37] [334.41312]
[22,38] [334.35696]
[22,39] [334.24536]
[22,40] [334.05328]
[22,41] [333.72052]
[22,42] [333.1118]
[22,43] [331.92325]
[22,44] [329.47046]
[22,45] [327.33487]
[22,46] [326.27725]
[22,47] [325.71066]
[22,48] [325.37387]
[22,49] [325.14932]
[22,50] [324.98297]
[22,51] [324.84915]
[22,52] [324.735]
[22,53] [324.63367]
[22,54] [324.54135]
[22,55] [324.4556]
[22,56] [324.3749]
[22,57] [324.29825]
[22,58] [324.2249]
[22,59] [324.15472]
[22,60] [324.08795]
[22,61] [324.02606]
[22,62] [323.97266]
[22,63] [323.93634]
[23,0] [323.7401]
[23,1] [323.77307]
[23,2] [323.82126]
[23,3] [323.87683]
[23,4] [323.93628]
[23,5] [323.99826]
[23,6] [324.06232]
[23,7] [324.12845]
[23,8] [324.197]
[23,9] [324.26846]
[23,10] [324.34366]
[23,11] [324.42377]
[23,12] [324.51056]
[23,13] [324.6072]
[23,14] [324.71942]
[23,15] [324.85855]
[23,16] [325.04852]
[23,17] [325.3421]
[23,18] [325.86026]
[23,19] [326.89014]
[23,20] [328.07495]
[23,21] [328.65872]
[23,22] [328.98038]
[23,23] [329.18256]
[23,24] [329.32788]
[23,25] [329.446]
[23,26] [329.55374]
[23,27] [329.66498]
[23,28] [329.7987]
[23,29] [329.99057]
[23,30] [330.31766]
[23,31] [330.95764]
[23,32] [332.33585]
[23,33] [332.956]
[23,34] [333.2427]
[23,35] [333.3719]
[23,36] [333.41754]
[23,37] [333.40994]
[23,38] [333.3582]
[23,39] [333.25742]
[23,40] [333.0861]
[23,41] [332.7922]
[23,42] [332.25632]
[23,43] [331.20056]
[23,44] [328.961]
[23,45] [327.02176]
[23,46] [326.08328]
[23,47] [325.5825]
[23,48] [325.282]
[23,49] [325.07858]
[23,50] [324.9254]
[23,51] [324.8005]
[23,52] [324.6928]
[23,53] [324.59647]
[23,54] [324.50812]
[23,55] [324.4257]
[23,56] [324.34778]
[23,57] [324.2735]
[23,58] [324.2023]
[23,59] [324.13394]
[23,60] [324.06885]
[23,61] [324.00836]
[23,62] [323.95612]
[23,63] [323.92056]
[24,0] [323.72638]
[24,1] [323.7587]
[24,2] [323.80597]
[24,3] [323.86035]
[24,4] [323.91852]
[24,5] [323.979]
[24,6] [324.04135]
[24,7] [324.10562]
[24,8] [324.172]
[24,9] [324.24094]
[24,10] [324.31308]
[24,11] [324.38947]
[24,12] [324.4715]
[24,13] [324.5617]
[24,14] [324.66455]
[24,15] [324.78867]
[24,16] [324.95187]
[24,17] [325.1926]
[24,18] [325.59836]
[24,19] [326.38248]
[24,20] [327.2819]
[24,21] [327.735]
[24,22] [327.99557]
[24,23] [328.16678]
[24,24] [328.29425]
[24,25] [328.4001]
[24,26] [328.49713]
[24,27] [328.59613]
[24,28] [328.7115]
[24,29] [328.86963]
[24,30] [329.12634]
[24,31] [329.61002]
[24,32] [330.64215]
[24,33] [331.1073]
[24,34] [331.32635]
[24,35] [331.42624]
[24,36] [331.4603]
[24,37] [331.45053]
[24,38] [331.40366]
[24,39] [331.31577]
[24,40] [331.17078]
[24,41] [330.93024]
[24,42] [330.5076]
[24,43] [329.70212]
[24,44] [328.01685]
[24,45] [326.55444]
[24,46] [325.83167]
[24,47] [325.43008]
[24,48] [325.1782]
[24,49] [325.00076]
[24,50] [324.863]
[24,51] [324.74814]
[24,52] [324.64758]
[24,53] [324.55667]
[24,54] [324.4726]
[24,55] [324.39368]
[24,56] [324.31876]
[24,57] [324.24707]
[24,58] [324.1781]
[24,59] [324.11172]
[24,60] [324.04834]
[24,61] [323.98938]
[24,62] [323.93835]
[24,63] [323.9036]
[25,0] [323.71167]
[25,1] [323.74335]
[25,2] [323.7896]
[25,3] [323.84277]
[25,4] [323.89954]
[25,5] [323.95847]
[25,6] [324.01907]
[25,7] [324.08136]
[25,8] [324.14548]
[25,9] [324.2118]
[25,10] [324.28082]
[25,11] [324.35336]
[25,12] [324.4305]
[25,13] [324.51413]
[25,14] [324.60727]
[25,15] [324.7156]
[25,16] [324.8496]
[25,17] [325.02875]
[25,18] [325.2855]
[25,19] [325.6543]
[25,20] [326.04785]
[25,21] [326.3232]
[25,22] [326.51154]
[25,23] [326.64868]
[25,24] [326.7572]
[25,25] [326.8501]
[25,26] [326.9358]
[25,27] [327.02167]
[25,28] [327.11697]
[25,29] [327.2368]
[25,30] [327.40732]
[25,31] [327.6687]
[25,32] [328.0439]
[25,33] [328.28815]
[25,34] [328.4239]
[25,35] [328.49017]
[25,36] [328.51126]
[25,37] [328.499]
[25,38] [328.4571]
[25,39] [328.38284]
[25,40] [328.2662]
[25,41] [328.0853]
[25,42] [327.79816]
[25,43] [327.3358]
[25,44] [326.63806]
[25,45] [325.98593]
[25,46] [325.5512]
[25,47] [325.26663]
[25,48] [325.0685]
[25,49] [324.9189]
[25,50] [324.79742]
[25,51] [324.6931]
[25,52] [324.6]
[25,53] [324.51474]
[25,54] [324.43515]
[25,55] [324.35992]
[25,56] [324.2881]
[25,57] [324.21906]
[25,58] [324.15244]
[25,59] [324.08813]
[25,60] [324.02658]
[25,61] [323.96918]
[25,62] [323.91946]
[25,63] [323.8855]
[26,0] [323.6967]
[26,1] [323.72766]
[26,2] [323.7729]
[26,3] [323.8248]
[26,4] [323.8801]
[26,5] [323.9374]
[26,6] [323.99622]
[26,7] [324.05646]
[26,8] [324.1183]
[26,9] [324.18192]
[26,10] [324.2478]
[26,11] [324.31653]
[26,12] [324.38885]
[26,13] [324.46606]
[26,14] [324.55008]
[26,15] [324.6441]
[26,16] [324.75342]
[26,17] [324.8861]
[26,18] [325.05185]
[26,19] [325.25302]
[26,20] [325.45966]
[26,21] [325.63095]
[26,22] [325.76596]
[26,23] [325.8745]
[26,24] [325.9658]
[26,25] [326.0464]
[26,26] [326.12122]
[26,27] [326.19464]
[26,28] [326.2719]
[26,29] [326.36035]
[26,30] [326.46982]
[26,31] [326.60953]
[26,32] [326.77167]
[26,33] [326.89563]
[26,34] [326.97324]
[26,35] [327.01285]
[26,36] [327.023]
[26,37] [327.00876]
[26,38] [326.97168]
[26,39] [326.91003]
[26,40] [326.81848]
[26,41] [326.6866]
[26,42] [326.49814]
[26,43] [326.23474]
[26,44] [325.89902]
[26,45] [325.5716]
[26,46] [325.3116]
[26,47] [325.1146]
[26,48] [324.9617]
[26,49] [324.8373]
[26,50] [324.73117]
[26,51] [324.63712]
[26,52] [324.55142]
[26,53] [324.4718]
[26,54] [324.39676]
[26,55] [324.3253]
[26,56] [324.25665]
[26,57] [324.19034]
[26,58] [324.12613]
[26,59] [324.06396]
[26,60] [324.00427]
[26,61] [323.94852]
[26,62] [323.90015]
[26,63] [323.86707]
[27,0] [323.68127]
[27,1] [323.71155]
[27,2] [323.75568]
[27,3] [323.80627]
[27,4] [323.86008]
[27,5] [323.91574]
[27,6] [323.97272]
[27,7] [324.03088]
[27,8] [324.0904]
[27,9] [324.15137]
[27,10] [324.21414]
[27,11] [324.2791]
[27,12] [324.34686]
[27,13] [324.41812]
[27,14] [324.49405]
[27,15] [324.5763]
[27,16] [324.66718]
[27,17] [324.7696]
[27,18] [324.88583]
[27,19] [325.01392]
[27,20] [325.1429]
[27,21] [325.25955]
[27,22] [325.3606]
[27,23] [325.448]
[27,24] [325.52512]
[27,25] [325.59488]
[27,26] [325.65985]
[27,27] [325.72247]
[27,28] [325.78534]
[27,29] [325.85162]
[27,30] [325.92447]
[27,31] [326.005]
[27,32] [326.08707]
[27,33] [326.15323]
[27,34] [326.19708]
[27,35] [326.21915]
[27,36] [326.2217]
[27,37] [326.20642]
[27,38] [326.1737]
[27,39] [326.12262]
[27,40] [326.05066]
[27,41] [325.95358]
[27,42] [325.82608]
[27,43] [325.66495]
[27,44] [325.4772]
[27,45] [325.2892]
[27,46] [325.12277]
[27,47] [324.98184]
[27,48] [324.8622]
[27,49] [324.75827]
[27,50] [324.66556]
[27,51] [324.58093]
[27,52] [324.5023]
[27,53] [324.42816]
[27,54] [324.3576]
[27,55] [324.28986]
[27,56] [324.2244]
[27,57] [324.1609]
[27,58] [324.09912]
[27,59] [324.03912]
[27,60] [323.98138]
[27,61] [323.9273]
[27,62] [323.8803]
[27,63] [323.8481]
[28,0] [323.66537]
[28,1] [323.69495]
[28,2] [323.73795]
[28,3] [323.7872]
[28,4] [323.83948]
[28,5] [323.89346]
[28,6] [323.94858]
[28,7] [324.0047]
[28,8] [324.06186]
[28,9] [324.1202]
[28,10] [324.17996]
[28,11] [324.2414]
[28,12] [324.30484]
[28,13] [324.37076]
[28,14] [324.4398]
[28,15] [324.51263]
[28,16] [324.59027]
[28,17] [324.6735]
[28,18] [324.76248]
[28,19] [324.8555]
[28,20] [324.94815]
[28,21] [325.03552]
[28,22] [325.1154]
[28,23] [325.18777]
[28,24] [325.25366]
[28,25] [325.31424]
[28,26] [325.37076]
[28,27] [325.42435]
[28,28] [325.47626]
[28,29] [325.52768]
[28,30] [325.5793]
[28,31] [325.63068]
[28,32] [325.67847]
[28,33] [325.71674]
[28,34] [325.74213]
[28,35] [325.75363]
[28,36] [325.7515]
[28,37] [325.73602]
[28,38] [325.70718]
[28,39] [325.6645]
[28,40] [325.60696]
[28,41] [325.53314]
[28,42] [325.44183]
[28,43] [325.33356]
[28,44] [325.213]
[28,45] [325.0901]
[28,46] [324.97372]
[28,47] [324.86743]
[28,48] [324.771]
[28,49] [324.68292]
[28,50] [324.60147]
[28,51] [324.5252]
[28,52] [324.45303]
[28,53] [324.38416]
[28,54] [324.3179]
[28,55] [324.2538]
[28,56] [324.19153]
[28,57] [324.1308]
[28,58] [324.07147]
[28,59] [324.01367]
[28,60] [323.9579]
[28,61] [323.90552]
[28,62] [323.85992]
[28,63] [323.82864]
[29,0] [323.64908]
[29,1] [323.6779]
[29,2] [323.71976]
[29,3] [323.76764]
[29,4] [323.81836]
[29,5] [323.87064]
[29,6] [323.9239]
[29,7] [323.97797]
[29,8] [324.03284]
[29,9] [324.08862]
[29,10] [324.14548]
[29,11] [324.20352]
[29,12] [324.26303]
[29,13] [324.32422]
[29,14] [324.38736]
[29,15] [324.4528]
[29,16] [324.52078]
[29,17] [324.59143]
[29,18] [324.66443]
[29,19] [324.7386]
[29,20] [324.81195]
[29,21] [324.88235]
[29,22] [324.94855]
[29,23] [325.0101]
[29,24] [325.06717]
[29,25] [325.12015]
[29,26] [325.16953]
[29,27] [325.2158]
[29,28] [325.2594]
[29,29] [325.30072]
[29,30] [325.33972]
[29,31] [325.3757]
[29,32] [325.407]
[29,33] [325.43118]
[29,34] [325.4464]
[29,35] [325.4518]
[29,36] [325.44705]
[29,37] [325.43198]
[29,38] [325.4065]
[29,39] [325.37036]
[29,40] [325.32327]
[29,41] [325.26495]
[29,42] [325.19556]
[29,43] [325.11618]
[29,44] [325.02963]
[29,45] [324.94025]
[29,46] [324.85214]
[29,47] [324.76764]
[29,48] [324.68747]
[29,49] [324.61154]
[29,50] [324.53937]
[29,51] [324.47037]
[29,52] [324.40408]
[29,53] [324.34006]
[29,54] [324.2779]
[29,55] [324.21735]
[29,56] [324.15817]
[29,57] [324.10016]
[29,58] [324.04327]
[29,59] [323.98767]
[29,60] [323.93387]
[29,61] [323.88324]
[29,62] [323.83905]
[29,63] [323.80872]
[30,0] [323.63232]
[30,1] [323.66037]
[30,2] [323.7011]
[30,3] [323.7476]
[30,4] [323.79678]
[30,5] [323.84735]
[30,6] [323.89874]
[30,7] [323.95078]
[30,8] [324.00342]
[30,9] [324.05673]
[30,10] [324.1108]
[30,11] [324.1657]
[30,12] [324.2216]
[30,13] [324.27856]
[30,14] [324.33673]
[30,15] [324.39618]
[30,16] [324.45694]
[30,17] [324.51883]
[30,18] [324.5815]
[30,19] [324.64423]
[30,20] [324.70596]
[30,21] [324.7656]
[30,22] [324.82236]
[30,23] [324.87585]
[30,24] [324.9259]
[30,25] [324.9726]
[30,26] [325.016]
[30,27] [325.0563]
[30,28] [325.09357]
[30,29] [325.1278]
[30,30] [325.15878]
[30,31] [325.18597]
[30,32] [325.20837]
[30,33] [325.22485]
[30,34] [325.23438]
[30,35] [325.23627]
[30,36] [325.2302]
[30,37] [325.21588]
[30,38] [325.19327]
[30,39] [325.16223]
[30,40] [325.12277]
[30,41] [325.07507]
[30,42] [325.01962]
[30,43] [324.95737]
[30,44] [324.89005]
[30,45] [324.81985]
[30,46] [324.749]
[30,47] [324.67892]
[30,48] [324.61047]
[30,49] [324.54395]
[30,50] [324.4794]
[30,51] [324.41672]
[30,52] [324.35568]
[30,53] [324.2961]
[30,54] [324.23782]
[30,55] [324.18066]
[30,56] [324.12445]
[30,57] [324.06912]
[30,58] [324.01465]
[30,59] [323.96124]
[30,60] [323.9094]
[30,61] [323.8605]
[30,62] [323.81778]
[30,63] [323.7884]
[31,0] [323.61523]
[31,1] [323.64252]
[31,2] [323.68207]
[31,3] [323.72714]
[31,4] [323.77478]
[31,5] [323.82364]
[31,6] [323.8732]
[31,7] [323.92325]
[31,8] [323.97372]
[31,9] [324.02466]
[31,10] [324.07608]
[31,11] [324.12805]
[31,12] [324.18063]
[31,13] [324.23386]
[31,14] [324.28772]
[31,15] [324.34225]
[31,16] [324.3973]
[31,17] [324.45273]
[31,18] [324.50818]
[31,19] [324.56314]
[31,20] [324.61697]
[31,21] [324.6691]
[31,22] [324.71893]
[31,23] [324.76617]
[31,24] [324.81058]
[31,25] [324.85202]
[31,26] [324.89044]
[31,27] [324.92587]
[31,28] [324.95816]
[31,29] [324.9872]
[31,30] [325.01276]
[31,31] [325.0344]
[31,32] [325.0515]
[31,33] [325.06345]
[31,34] [325.0696]
[31,35] [325.06952]
[31,36] [325.0629]
[31,37] [325.0495]
[31,38] [325.0293]
[31,39] [325.0023]
[31,40] [324.9686]
[31,41] [324.92847]
[31,42] [324.88242]
[31,43] [324.8312]
[31,44] [324.77594]
[31,45] [324.71796]
[31,46] [324.65848]
[31,47] [324.59854]
[31,48] [324.53885]
[31,49] [324.4798]
[31,50] [324.4216]
[31,51] [324.36435]
[31,52] [324.30798]
[31,53] [324.2525]
[31,54] [324.19785]
[31,55] [324.14386]
[31,56] [324.09055]
[31,57] [324.0378]
[31,58] [323.98572]
[31,59] [323.93445]
[31,60] [323.88455]
[31,61] [323.83743]
[31,62] [323.7961]
[31,63] [323.76767]
[32,0] [323.5978]
[32,1] [323.6243]
[32,2] [323.6627]
[32,3] [323.70636]
[32,4] [323.75244]
[32,5] [323.79962]
[32,6] [323.84735]
[32,7] [323.89545]
[32,8] [323.94382]
[32,9] [323.99246]
[32,10] [324.04138]
[32,11] [324.0906]
[32,12] [324.14017]
[32,13] [324.19003]
[32,14] [324.24017]
[32,15] [324.29053]
[32,16] [324.34097]
[32,17] [324.39133]
[32,18] [324.44125]
[32,19] [324.49048]
[32,20] [324.5385]
[32,21] [324.58496]
[32,22] [324.62946]
[32,23] [324.67166]
[32,24] [324.7114]
[32,25] [324.74844]
[32,26] [324.7827]
[32,27] [324.8141]
[32,28] [324.8424]
[32,29] [324.86752]
[32,30] [324.88916]
[32,31] [324.907]
[32,32] [324.9207]
[32,33] [324.92975]
[32,34] [324.93384]
[32,35] [324.93262]
[32,36] [324.92587]
[32,37] [324.91345]
[32,38] [324.89532]
[32,39] [324.87155]
[32,40] [324.84225]
[32,41] [324.80774]
[32,42] [324.76843]
[32,43] [324.7249]
[32,44] [324.67795]
[32,45] [324.62836]
[32,46] [324.57703]
[32,47] [324.52463]
[32,48] [324.4717]
[32,49] [324.4187]
[32,50] [324.36588]
[32,51] [324.31332]
[32,52] [324.26117]
[32,53] [324.2094]
[32,54] [324.15808]
[32,55] [324.10712]
[32,56] [324.05652]
[32,57] [324.00632]
[32,58] [323.9565]
[32,59] [323.90738]
[32,60] [323.85944]
[32,61] [323.81403]
[32,62] [323.7742]
[32,63] [323.7467]
[33,0] [323.5801]
[33,1] [323.60583]
[33,2] [323.643]
[33,3] [323.68527]
[33,4] [323.7298]
[33,5] [323.7753]
[33,6] [323.82126]
[33,7] [323.86746]
[33,8] [323.9138]
[33,9] [323.96024]
[33,10] [324.0068]
[33,11] [324.05347]
[33,12] [324.10025]
[33,13] [324.1471]
[33,14] [324.19394]
[33,15] [324.24072]
[33,16] [324.28726]
[33,17] [324.33344]
[33,18] [324.379]
[33,19] [324.42365]
[33,20] [324.4671]
[33,21] [324.50906]
[33,22] [324.5492]
[33,23] [324.58728]
[33,24] [324.6231]
[33,25] [324.6565]
[33,26] [324.68726]
[33,27] [324.71524]
[33,28] [324.74033]
[33,29] [324.76233]
[33,30] [324.781]
[33,31] [324.79614]
[33,32] [324.8074]
[33,33] [324.81458]
[33,34] [324.81732]
[33,35] [324.81546]
[33,36] [324.80884]
[33,37] [324.79736]
[33,38] [324.781]
[33,39] [324.7599]
[33,40] [324.73407]
[33,41] [324.7039]
[33,42] [324.66965]
[33,43] [324.6318]
[33,44] [324.5909]
[33,45] [324.54758]
[33,46] [324.50235]
[33,47] [324.4558]
[33,48] [324.40836]
[33,49] [324.36035]
[33,50] [324.31204]
[33,51] [324.26364]
[33,52] [324.2152]
[33,53] [324.16687]
[33,54] [324.11862]
[33,55] [324.07053]
[33,56] [324.02255]
[33,57] [323.97473]
[33,58] [323.9272]
[33,59] [323.88013]
[33,60] [323.8341]
[33,61] [323.79044]
[33,62] [323.752]
[33,63] [323.7255]
[34,0] [323.5622]
[34,1] [323.5871]
[34,2] [323.62308]
[34,3] [323.66397]
[34,4] [323.70694]
[34,5] [323.7508]
[34,6] [323.795]
[34,7] [323.83932]
[34,8] [323.8837]
[34,9] [323.92804]
[34,10] [323.97238]
[34,11] [324.01666]
[34,12] [324.06088]
[34,13] [324.10495]
[34,14] [324.14886]
[34,15] [324.19247]
[34,16] [324.2357]
[34,17] [324.27835]
[34,18] [324.32025]
[34,19] [324.36115]
[34,20] [324.40085]
[34,21] [324.4391]
[34,22] [324.47562]
[34,23] [324.51022]
[34,24] [324.54276]
[34,25] [324.57297]
[34,26] [324.60074]
[34,27] [324.62592]
[34,28] [324.64835]
[34,29] [324.66782]
[34,30] [324.68417]
[34,31] [324.69724]
[34,32] [324.70676]
[34,33] [324.71255]
[34,34] [324.71445]
[34,35] [324.71225]
[34,36] [324.70587]
[34,37] [324.69528]
[34,38] [324.68048]
[34,39] [324.6615]
[34,40] [324.63855]
[34,41] [324.6118]
[34,42] [324.5815]
[34,43] [324.54807]
[34,44] [324.51187]
[34,45] [324.4734]
[34,46] [324.433]
[34,47] [324.39114]
[34,48] [324.3482]
[34,49] [324.3044]
[34,50] [324.26004]
[34,51] [324.21524]
[34,52] [324.1702]
[34,53] [324.12497]
[34,54] [324.0796]
[34,55] [324.03415]
[34,56] [323.98865]
[34,57] [323.94318]
[34,58] [323.8978]
[34,59] [323.85275]
[34,60] [323.80862]
[34,61] [323.76663]
[34,62] [323.72968]
[34,63] [323.7041]
[35,0] [323.54404]
[35,1] [323.56815]
[35,2] [323.60297]
[35,3] [323.64246]
[35,4] [323.6839]
[35,5] [323.72614]
[35,6] [323.76862]
[35,7] [323.81113]
[35,8] [323.85358]
[35,9] [323.89594]
[35,10] [323.93814]
[35,11] [323.98016]
[35,12] [324.022]
[35,13] [324.0636]
[35,14] [324.10483]
[35,15] [324.14566]
[35,16] [324.18594]
[35,17] [324.22556]
[35,18] [324.2643]
[35,19] [324.30203]
[35,20] [324.33853]
[35,21] [324.37363]
[35,22] [324.40707]
[35,23] [324.43872]
[35,24] [324.4684]
[35,25] [324.49594]
[35,26] [324.52115]
[35,27] [324.5439]
[35,28] [324.5641]
[35,29] [324.5815]
[35,30] [324.596]
[35,31] [324.60745]
[35,32] [324.61563]
[35,33] [324.62045]
[35,34] [324.62173]
[35,35] [324.6194]
[35,36] [324.61334]
[35,37] [324.60358]
[35,38] [324.5901]
[35,39] [324.57297]
[35,40] [324.5523]
[35,41] [324.52835]
[35,42] [324.50125]
[35,43] [324.47137]
[35,44] [324.43893]
[35,45] [324.40436]
[35,46] [324.36792]
[35,47] [324.32996]
[35,48] [324.29077]
[35,49] [324.25058]
[35,50] [324.20966]
[35,51] [324.1681]
[35,52] [324.12607]
[35,53] [324.08368]
[35,54] [324.041]
[35,55] [323.99805]
[35,56] [323.95493]
[35,57] [323.91165]
[35,58] [323.86838]
[35,59] [323.82535]
[35,60] [323.78305]
[35,61] [323.74277]
[35,62] [323.7072]
[35,63] [323.6826]
[36,0] [323.52573]
[36,1] [323.54904]
[36,2] [323.58267]
[36,3] [323.62076]
[36,4] [323.6607]
[36,5] [323.70132]
[36,6] [323.74213]
[36,7] [323.78287]
[36,8] [323.8235]
[36,9] [323.86392]
[36,10] [323.9041]
[36,11] [323.94403]
[36,12] [323.98367]
[36,13] [324.02292]
[36,14] [324.06177]
[36,15] [324.10007]
[36,16] [324.13773]
[36,17] [324.17465]
[36,18] [324.21066]
[36,19] [324.24564]
[36,20] [324.27936]
[36,21] [324.31174]
[36,22] [324.34253]
[36,23] [324.37164]
[36,24] [324.39883]
[36,25] [324.42404]
[36,26] [324.44705]
[36,27] [324.46777]
[36,28] [324.48602]
[36,29] [324.5017]
[36,30] [324.5147]
[36,31] [324.52484]
[36,32] [324.53198]
[36,33] [324.53604]
[36,34] [324.53693]
[36,35] [324.53455]
[36,36] [324.52884]
[36,37] [324.5198]
[36,38] [324.50748]
[36,39] [324.49194]
[36,40] [324.47327]
[36,41] [324.4516]
[36,42] [324.42715]
[36,43] [324.40015]
[36,44] [324.37085]
[36,45] [324.33948]
[36,46] [324.30634]
[36,47] [324.27167]
[36,48] [324.23572]
[36,49] [324.19867]
[36,50] [324.16077]
[36,51] [324.1221]
[36,52] [324.08282]
[36,53] [324.04303]
[36,54] [324.00284]
[36,55] [323.96225]
[36,56] [323.9214]
[36,57] [323.88025]
[36,58] [323.83902]
[36,59] [323.7979]
[36,60] [323.75742]
[36,61] [323.71878]
[36,62] [323.68466]
[36,63] [323.66098]
[37,0] [323.5073]
[37,1] [323.52982]
[37,2] [323.56226]
[37,3] [323.59894]
[37,4] [323.6374]
[37,5] [323.67642]
[37,6] [323.71558]
[37,7] [323.75464]
[37,8] [323.79346]
[37,9] [323.83203]
[37,10] [323.8703]
[37,11] [323.90826]
[37,12] [323.9458]
[37,13] [323.9829]
[37,14] [324.01953]
[37,15] [324.05554]
[37,16] [324.09085]
[37,17] [324.12537]
[37,18] [324.15897]
[37,19] [324.1915]
[37,20] [324.2228]
[37,21] [324.25278]
[37,22] [324.28125]
[37,23] [324.3081]
[37,24] [324.33316]
[37,25] [324.35632]
[37,26] [324.3774]
[37,27] [324.39636]
[37,28] [324.413]
[37,29] [324.42722]
[37,30] [324.43893]
[37,31] [324.448]
[37,32] [324.4543]
[37,33] [324.45782]
[37,34] [324.45844]
[37,35] [324.45605]
[37,36] [324.4507]
[37,37] [324.44235]
[37,38] [324.43106]
[37,39] [324.41684]
[37,40] [324.39984]
[37,41] [324.38016]
[37,42] [324.35794]
[37,43] [324.33337]
[37,44] [324.30667]
[37,45] [324.27805]
[37,46] [324.2477]
[37,47] [324.21585]
[37,48] [324.1827]
[37,49] [324.14844]
[37,50] [324.11322]
[37,51] [324.07715]
[37,52] [324.0404]
[37,53] [324.00305]
[37,54] [323.96515]
[37,55] [323.92682]
[37,56] [323.88806]
[37,57] [323.849]
[37,58] [323.80972]
[37,59] [323.77048]
[37,60] [323.7318]
[37,61] [323.6948]
[37,62] [323.66208]
[37,63] [323.6393]
[38,0] [323.4887]
[38,1] [323.51044]
[38,2] [323.54172]
[38,3] [323.57703]
[38,4] [323.61398]
[38,5] [323.65146]
[38,6] [323.68903]
[38,7] [323.72638]
[38,8] [323.7635]
[38,9] [323.8003]
[38,10] [323.83673]
[38,11] [323.8728]
[38,12] [323.90842]
[38,13] [323.9435]
[38,14] [323.97806]
[38,15] [324.01196]
[38,16] [324.04517]
[38,17] [324.0775]
[38,18] [324.10892]
[38,19] [324.13925]
[38,20] [324.16843]
[38,21] [324.1963]
[38,22] [324.2227]
[38,23] [324.24756]
[38,24] [324.27072]
[38,25] [324.29208]
[38,26] [324.3115]
[38,27] [324.3289]
[38,28] [324.34412]
[38,29] [324.3571]
[38,30] [324.36774]
[38,31] [324.37592]
[38,32] [324.38156]
[38,33] [324.38464]
[38,34] [324.38504]
[38,35] [324.38272]
[38,36] [324.37772]
[38,37] [324.37]
[38,38] [324.3596]
[38,39] [324.34656]
[38,40] [324.331]
[38,41] [324.313]
[38,42] [324.2927]
[38,43] [324.2702]
[38,44] [324.24576]
[38,45] [324.21948]
[38,46] [324.19156]
[38,47] [324.1622]
[38,48] [324.13153]
[38,49] [324.0997]
[38,50] [324.0669]
[38,51] [324.03323]
[38,52] [323.99878]
[38,53] [323.96365]
[38,54] [323.92795]
[38,55] [323.8917]
[38,56] [323.855]
[38,57] [323.8179]
[38,58] [323.78055]
[38,59] [323.74313]
[38,60] [323.70618]
[38,61] [323.6708]
[38,62] [323.63943]
[38,63] [323.61765]
[39,0] [323.47006]
[39,1] [323.49097]
[39,2] [323.52106]
[39,3] [323.55505]
[39,4] [323.5905]
[39,5] [323.62646]
[39,6] [323.66245]
[39,7] [323.69818]
[39,8] [323.73364]
[39,9] [323.7687]
[39,10] [323.8034]
[39,11] [323.83768]
[39,12] [323.87143]
[39,13] [323.90466]
[39,14] [323.93732]
[39,15] [323.96927]
[39,16] [324.0005]
[39,17] [324.03085]
[39,18] [324.0603]
[39,19] [324.08868]
[39,20] [324.1159]
[39,21] [324.14185]
[39,22] [324.16644]
[39,23] [324.1895]
[39,24] [324.211]
[39,25] [324.23077]
[39,26] [324.2487]
[39,27] [324.26474]
[39,28] [324.27875]
[39,29] [324.29065]
[39,30] [324.30035]
[39,31] [324.3078]
[39,32] [324.3129]
[39,33] [324.3156]
[39,34] [324.31586]
[39,35] [324.31366]
[39,36] [324.309]
[39,37] [324.30182]
[39,38] [324.29224]
[39,39] [324.28024]
[39,40] [324.26593]
[39,41] [324.2494]
[39,42] [324.2307]
[39,43] [324.21008]
[39,44] [324.18756]
[39,45] [324.16336]
[39,46] [324.13757]
[39,47] [324.11038]
[39,48] [324.0819]
[39,49] [324.0523]
[39,50] [324.0217]
[39,51] [323.9902]
[39,52] [323.9579]
[39,53] [323.92487]
[39,54] [323.89117]
[39,55] [323.85693]
[39,56] [323.8222]
[39,57] [323.787]
[39,58] [323.7515]
[39,59] [323.71585]
[39,60] [323.68063]
[39,61] [323.64682]
[39,62] [323.61682]
[39,63] [323.59595]
[40,0] [323.4513]
[40,1] [323.47144]
[40,2] [323.50037]
[40,3] [323.533]
[40,4] [323.56702]
[40,5] [323.60147]
[40,6] [323.63586]
[40,7] [323.67]
[40,8] [323.70386]
[40,9] [323.7373]
[40,10] [323.7703]
[40,11] [323.80286]
[40,12] [323.83487]
[40,13] [323.86633]
[40,14] [323.8972]
[40,15] [323.92734]
[40,16] [323.95676]
[40,17] [323.9853]
[40,18] [324.0129]
[40,19] [324.03952]
[40,20] [324.06497]
[40,21] [324.08923]
[40,22] [324.11215]
[40,23] [324.13364]
[40,24] [324.1536]
[40,25] [324.17194]
[40,26] [324.18857]
[40,27] [324.2034]
[40,28] [324.2163]
[40,29] [324.2273]
[40,30] [324.2362]
[40,31] [324.243]
[40,32] [324.24765]
[40,33] [324.25006]
[40,34] [324.25024]
[40,35] [324.24814]
[40,36] [324.24377]
[40,37] [324.23712]
[40,38] [324.22824]
[40,39] [324.2172]
[40,40] [324.20398]
[40,41] [324.18875]
[40,42] [324.17154]
[40,43] [324.1525]
[40,44] [324.1317]
[40,45] [324.1093]
[40,46] [324.08542]
[40,47] [324.06018]
[40,48] [324.03372]
[40,49] [324.0061]
[40,50] [323.9775]
[40,51] [323.948]
[40,52] [323.91766]
[40,53] [323.8866]
[40,54] [323.85486]
[40,55] [323.82254]
[40,56] [323.78964]
[40,57] [323.7563]
[40,58] [323.72256]
[40,59] [323.6887]
[40,60] [323.65512]
[40,61] [323.62286]
[40,62] [323.59424]
[40,63] [323.57428]
[41,0] [323.4325]
[41,1] [323.4518]
[41,2] [323.47958]
[41,3] [323.51086]
[41,4] [323.54346]
[41,5] [323.57642]
[41,6] [323.6093]
[41,7] [323.6419]
[41,8] [323.67416]
[41,9] [323.70602]
[41,10] [323.7374]
[41,11] [323.7683]
[41,12] [323.79868]
[41,13] [323.8285]
[41,14] [323.85767]
[41,15] [323.88614]
[41,16] [323.91385]
[41,17] [323.9407]
[41,18] [323.96664]
[41,19] [323.9916]
[41,20] [324.01547]
[41,21] [324.03815]
[41,22] [324.05957]
[41,23] [324.07962]
[41,24] [324.0982]
[41,25] [324.11526]
[41,26] [324.13074]
[41,27] [324.14447]
[41,28] [324.15643]
[41,29] [324.16656]
[41,30] [324.17477]
[41,31] [324.18103]
[41,32] [324.1853]
[41,33] [324.18747]
[41,34] [324.1876]
[41,35] [324.1856]
[41,36] [324.18155]
[41,37] [324.17538]
[41,38] [324.16714]
[41,39] [324.15692]
[41,40] [324.1447]
[41,41] [324.1306]
[41,42] [324.11472]
[41,43] [324.09708]
[41,44] [324.07782]
[41,45] [324.05707]
[41,46] [324.03488]
[41,47] [324.0114]
[41,48] [323.98676]
[41,49] [323.961]
[41,50] [323.93423]
[41,51] [323.9066]
[41,52] [323.8781]
[41,53] [323.84888]
[41,54] [323.81897]
[41,55] [323.78845]
[41,56] [323.75735]
[41,57] [323.72577]
[41,58] [323.69376]
[41,59] [323.6616]
[41,60] [323.62967]
[41,61] [323.59897]
[41,62] [323.5717]
[41,63] [323.5526]
[42,0] [323.4136]
[42,1] [323.43216]
[42,2] [323.45874]
[42,3] [323.4887]
[42,4] [323.5199]
[42,5] [323.5514]
[42,6] [323.58276]
[42,7] [323.61386]
[42,8] [323.6446]
[42,9] [323.6749]
[42,10] [323.7047]
[42,11] [323.73407]
[42,12] [323.76285]
[42,13] [323.79108]
[42,14] [323.81863]
[42,15] [323.84552]
[42,16] [323.87167]
[42,17] [323.89697]
[42,18] [323.9214]
[42,19] [323.9448]
[42,20] [323.9672]
[42,21] [323.98843]
[42,22] [324.00848]
[42,23] [324.02722]
[42,24] [324.04456]
[42,25] [324.0605]
[42,26] [324.07486]
[42,27] [324.08765]
[42,28] [324.09875]
[42,29] [324.10815]
[42,30] [324.11575]
[42,31] [324.12152]
[42,32] [324.12543]
[42,33] [324.12744]
[42,34] [324.1275]
[42,35] [324.12564]
[42,36] [324.12183]
[42,37] [324.11612]
[42,38] [324.1085]
[42,39] [324.099]
[42,40] [324.0877]
[42,41] [324.07465]
[42,42] [324.0599]
[42,43] [324.04355]
[42,44] [324.0257]
[42,45] [324.00638]
[42,46] [323.98575]
[42,47] [323.9639]
[42,48] [323.9409]
[42,49] [323.9168]
[42,50] [323.89178]
[42,51] [323.86584]
[42,52] [323.8391]
[42,53] [323.81165]
[42,54] [323.78348]
[42,55] [323.75467]
[42,56] [323.72528]
[42,57] [323.6954]
[42,58] [323.66513]
[42,59] [323.6346]
[42,60] [323.6043]
[42,61] [323.57513]
[42,62] [323.54913]
[42,63] [323.531]
[43,0] [323.39465]
[43,1] [323.4124]
[43,2] [323.43787]
[43,3] [323.4665]
[43,4] [323.49628]
[43,5] [323.52634]
[43,6] [323.55624]
[43,7] [323.58588]
[43,8] [323.6151]
[43,9] [323.6439]
[43,10] [323.6722]
[43,11] [323.70004]
[43,12] [323.72733]
[43,13] [323.75403]
[43,14] [323.78012]
[43,15] [323.8055]
[43,16] [323.83014]
[43,17] [323.854]
[43,18] [323.87695]
[43,19] [323.899]
[43,20] [323.92]
[43,21] [323.9399]
[43,22] [323.95868]
[43,23] [323.97623]
[43,24] [323.99246]
[43,25] [324.00732]
[43,26] [324.02072]
[43,27] [324.03262]
[43,28] [324.04297]
[43,29] [324.0517]
[43,30] [324.05878]
[43,31] [324.06412]
[43,32] [324.06772]
[43,33] [324.06955]
[43,34] [324.0696]
[43,35] [324.06787]
[43,36] [324.06433]
[43,37] [324.05902]
[43,38] [324.05194]
[43,39] [324.04312]
[43,40] [324.03262]
[43,41] [324.0205]
[43,42] [324.00684]
[43,43] [323.99164]
[43,44] [323.97504]
[43,45] [323.9571]
[43,46] [323.93787]
[43,47] [323.91748]
[43,48] [323.896]
[43,49] [323.87347]
[43,50] [323.85004]
[43,51] [323.82574]
[43,52] [323.80066]
[43,53] [323.7748]
[43,54] [323.74832]
[43,55] [323.7212]
[43,56] [323.69348]
[43,57] [323.66525]
[43,58] [323.6366]
[43,59] [323.60773]
[43,60] [323.57898]
[43,61] [323.5513]
[43,62] [323.52664]
[43,63] [323.50937]
[44,0] [323.37564]
[44,1] [323.3926]
[44,2] [323.41693]
[44,3] [323.44424]
[44,4] [323.47263]
[44,5] [323.50125]
[44,6] [323.52972]
[44,7] [323.5579]
[44,8] [323.5857]
[44,9] [323.61304]
[44,10] [323.6399]
[44,11] [323.6663]
[44,12] [323.6921]
[44,13] [323.71738]
[44,14] [323.74203]
[44,15] [323.766]
[44,16] [323.78925]
[44,17] [323.8117]
[44,18] [323.8333]
[44,19] [323.85403]
[44,20] [323.87378]
[44,21] [323.8925]
[44,22] [323.91006]
[44,23] [323.9265]
[44,24] [323.94168]
[44,25] [323.95557]
[44,26] [323.9681]
[44,27] [323.97922]
[44,28] [323.98886]
[44,29] [323.997]
[44,30] [324.00357]
[44,31] [324.00854]
[44,32] [324.0119]
[44,33] [324.01358]
[44,34] [324.01364]
[44,35] [324.012]
[44,36] [324.00873]
[44,37] [324.00375]
[44,38] [323.9972]
[44,39] [323.989]
[44,40] [323.97925]
[44,41] [323.968]
[44,42] [323.9553]
[44,43] [323.94116]
[44,44] [323.9257]
[44,45] [323.90897]
[44,46] [323.89105]
[44,47] [323.87204]
[44,48] [323.85196]
[44,49] [323.83093]
[44,50] [323.809]
[44,51] [323.78622]
[44,52] [323.76266]
[44,53] [323.7384]
[44,54] [323.7135]
[44,55] [323.68796]
[44,56] [323.66183]
[44,57] [323.63522]
[44,58] [323.6082]
[44,59] [323.5809]
[44,60] [323.55374]
[44,61] [323.52753]
[44,62] [323.50415]
[44,63] [323.4878]
[45,0] [323.35657]
[45,1] [323.37274]
[45,2] [323.3959]
[45,3] [323.42194]
[45,4] [323.44894]
[45,5] [323.47617]
[45,6] [323.50323]
[45,7] [323.52997]
[45,8] [323.55634]
[45,9] [323.58228]
[45,10] [323.60773]
[45,11] [323.6327]
[45,12] [323.65717]
[45,13] [323.68103]
[45,14] [323.7043]
[45,15] [323.72693]
[45,16] [323.74887]
[45,17] [323.77002]
[45,18] [323.79037]
[45,19] [323.80988]
[45,20] [323.82843]
[45,21] [323.84598]
[45,22] [323.8625]
[45,23] [323.8779]
[45,24] [323.89212]
[45,25] [323.90512]
[45,26] [323.91684]
[45,27] [323.92722]
[45,28] [323.93622]
[45,29] [323.94382]
[45,30] [323.94995]
[45,31] [323.9546]
[45,32] [323.9577]
[45,33] [323.9593]
[45,34] [323.95932]
[45,35] [323.9578]
[45,36] [323.95474]
[45,37] [323.95013]
[45,38] [323.94403]
[45,39] [323.93643]
[45,40] [323.92737]
[45,41] [323.9169]
[45,42] [323.90506]
[45,43] [323.8919]
[45,44] [323.8775]
[45,45] [323.86194]
[45,46] [323.8452]
[45,47] [323.82745]
[45,48] [323.80872]
[45,49] [323.78903]
[45,50] [323.76852]
[45,51] [323.7472]
[45,52] [323.72513]
[45,53] [323.70236]
[45,54] [323.67896]
[45,55] [323.65494]
[45,56] [323.6304]
[45,57] [323.60535]
[45,58] [323.57986]
[45,59] [323.55414]
[45,60] [323.5285]
[45,61] [323.50375]
[45,62] [323.48166]
[45,63] [323.4662]
[46,0] [323.3374]
[46,1] [323.3528]
[46,2] [323.37482]
[46,3] [323.39954]
[46,4] [323.4252]
[46,5] [323.45105]
[46,6] [323.4767]
[46,7] [323.50208]
[46,8] [323.52704]
[46,9] [323.55157]
[46,10] [323.57568]
[46,11] [323.5993]
[46,12] [323.6224]
[46,13] [323.645]
[46,14] [323.66696]
[46,15] [323.6883]
[46,16] [323.70895]
[46,17] [323.7289]
[46,18] [323.74808]
[46,19] [323.7664]
[46,20] [323.78384]
[46,21] [323.80032]
[46,22] [323.81583]
[46,23] [323.83026]
[46,24] [323.8436]
[46,25] [323.85577]
[46,26] [323.86676]
[46,27] [323.87646]
[46,28] [323.8849]
[46,29] [323.89197]
[46,30] [323.8977]
[46,31] [323.90204]
[46,32] [323.90494]
[46,33] [323.90643]
[46,34] [323.90646]
[46,35] [323.90506]
[46,36] [323.90222]
[46,37] [323.89795]
[46,38] [323.89224]
[46,39] [323.8852]
[46,40] [323.87674]
[46,41] [323.867]
[46,42] [323.856]
[46,43] [323.84375]
[46,44] [323.83035]
[46,45] [323.81583]
[46,46] [323.80023]
[46,47] [323.78366]
[46,48] [323.76614]
[46,49] [323.74777]
[46,50] [323.72858]
[46,51] [323.7086]
[46,52] [323.68793]
[46,53] [323.6666]
[46,54] [323.64465]
[46,55] [323.62216]
[46,56] [323.5991]
[46,57] [323.57556]
[46,58] [323.55164]
[46,59] [323.52744]
[46,60] [323.50333]
[46,61] [323.48]
[46,62] [323.45917]
[46,63] [323.44458]
[47,0] [323.31815]
[47,1] [323.33276]
[47,2] [323.35367]
[47,3] [323.37708]
[47,4] [323.4014]
[47,5] [323.42587]
[47,6] [323.45016]
[47,7] [323.47415]
[47,8] [323.49777]
[47,9] [323.52097]
[47,10] [323.54373]
[47,11] [323.56607]
[47,12] [323.58786]
[47,13] [323.60916]
[47,14] [323.62988]
[47,15] [323.65002]
[47,16] [323.6695]
[47,17] [323.68826]
[47,18] [323.7063]
[47,19] [323.72354]
[47,20] [323.73993]
[47,21] [323.75543]
[47,22] [323.76996]
[47,23] [323.7835]
[47,24] [323.79602]
[47,25] [323.80743]
[47,26] [323.81772]
[47,27] [323.8268]
[47,28] [323.8347]
[47,29] [323.84134]
[47,30] [323.84668]
[47,31] [323.85074]
[47,32] [323.85345]
[47,33] [323.85486]
[47,34] [323.85492]
[47,35] [323.8536]
[47,36] [323.85095]
[47,37] [323.847]
[47,38] [323.8417]
[47,39] [323.8351]
[47,40] [323.82727]
[47,41] [323.8182]
[47,42] [323.80795]
[47,43] [323.79654]
[47,44] [323.78406]
[47,45] [323.7705]
[47,46] [323.75598]
[47,47] [323.7405]
[47,48] [323.72418]
[47,49] [323.707]
[47,50] [323.68906]
[47,51] [323.6704]
[47,52] [323.65106]
[47,53] [323.63113]
[47,54] [323.6106]
[47,55] [323.5895]
[47,56] [323.5679]
[47,57] [323.54587]
[47,58] [323.5234]
[47,59] [323.50073]
[47,60] [323.4781]
[47,61] [323.4562]
[47,62] [323.43665]
[47,63] [323.42294]
[48,0] [323.2988]
[48,1] [323.31262]
[48,2] [323.3324]
[48,3] [323.35452]
[48,4] [323.3775]
[48,5] [323.4006]
[48,6] [323.42355]
[48,7] [323.4462]
[48,8] [323.46848]
[48,9] [323.4904]
[48,10] [323.51187]
[48,11] [323.53293]
[48,12] [323.5535]
[48,13] [323.57358]
[48,14] [323.5931]
[48,15] [323.61206]
[48,16] [323.63037]
[48,17] [323.64804]
[48,18] [323.665]
[48,19] [323.6812]
[48,20] [323.69662]
[48,21] [323.71118]
[48,22] [323.72485]
[48,23] [323.73755]
[48,24] [323.7493]
[48,25] [323.75998]
[48,26] [323.76962]
[48,27] [323.77814]
[48,28] [323.78552]
[48,29] [323.79175]
[48,30] [323.79675]
[48,31] [323.80054]
[48,32] [323.8031]
[48,33] [323.8044]
[48,34] [323.80447]
[48,35] [323.80328]
[48,36] [323.80084]
[48,37] [323.79715]
[48,38] [323.79224]
[48,39] [323.7861]
[48,40] [323.7788]
[48,41] [323.77036]
[48,42] [323.7608]
[48,43] [323.7502]
[48,44] [323.73856]
[48,45] [323.72595]
[48,46] [323.7124]
[48,47] [323.69797]
[48,48] [323.68274]
[48,49] [323.66672]
[48,50] [323.64996]
[48,51] [323.63254]
[48,52] [323.61447]
[48,53] [323.59586]
[48,54] [323.57666]
[48,55] [323.55698]
[48,56] [323.5368]
[48,57] [323.51617]
[48,58] [323.4952]
[48,59] [323.474]
[48,60] [323.45285]
[48,61] [323.43237]
[48,62] [323.41406]
[48,63] [323.40125]
[49,0] [323.2793]
[49,1] [323.29236]
[49,2] [323.31097]
[49,3] [323.33185]
[49,4] [323.3535]
[49,5] [323.37524]
[49,6] [323.39685]
[49,7] [323.41818]
[49,8] [323.43918]
[49,9] [323.4598]
[49,10] [323.48004]
[49,11] [323.49988]
[49,12] [323.51923]
[49,13] [323.53815]
[49,14] [323.55652]
[49,15] [323.57434]
[49,16] [323.5916]
[49,17] [323.60822]
[49,18] [323.62418]
[49,19] [323.6394]
[49,20] [323.65387]
[49,21] [323.66754]
[49,22] [323.68036]
[49,23] [323.6923]
[49,24] [323.70328]
[49,25] [323.71332]
[49,26] [323.72235]
[49,27] [323.73035]
[49,28] [323.73724]
[49,29] [323.74307]
[49,30] [323.74777]
[49,31] [323.75134]
[49,32] [323.75375]
[49,33] [323.75497]
[49,34] [323.75504]
[49,35] [323.75394]
[49,36] [323.75168]
[49,37] [323.74826]
[49,38] [323.74368]
[49,39] [323.738]
[49,40] [323.7312]
[49,41] [323.72336]
[49,42] [323.71448]
[49,43] [323.7046]
[49,44] [323.69376]
[49,45] [323.682]
[49,46] [323.66937]
[49,47] [323.65594]
[49,48] [323.64172]
[49,49] [323.6268]
[49,50] [323.61118]
[49,51] [323.59494]
[49,52] [323.57812]
[49,53] [323.56073]
[49,54] [323.54285]
[49,55] [323.5245]
[49,56] [323.5057]
[49,57] [323.4865]
[49,58] [323.46698]
[49,59] [323.44724]
[49,60] [323.42752]
[49,61] [323.40845]
[49,62] [323.3914]
[49,63] [323.37943]
[50,0] [323.25964]
[50,1] [323.2719]
[50,2] [323.2894]
[50,3] [323.309]
[50,4] [323.3293]
[50,5] [323.34976]
[50,6] [323.37006]
[50,7] [323.3901]
[50,8] [323.40982]
[50,9] [323.4292]
[50,10] [323.44824]
[50,11] [323.46686]
[50,12] [323.48508]
[50,13] [323.50284]
[50,14] [323.5201]
[50,15] [323.5369]
[50,16] [323.5531]
[50,17] [323.5687]
[50,18] [323.58368]
[50,19] [323.598]
[50,20] [323.61157]
[50,21] [323.62442]
[50,22] [323.63644]
[50,23] [323.6476]
[50,24] [323.65796]
[50,25] [323.66736]
[50,26] [323.6758]
[50,27] [323.6833]
[50,28] [323.6898]
[50,29] [323.69525]
[50,30] [323.69965]
[50,31] [323.703]
[50,32] [323.70526]
[50,33] [323.70642]
[50,34] [323.7065]
[50,35] [323.7055]
[50,36] [323.7034]
[50,37] [323.70023]
[50,38] [323.69598]
[50,39] [323.6907]
[50,40] [323.6844]
[50,41] [323.6771]
[50,42] [323.66882]
[50,43] [323.6596]
[50,44] [323.64954]
[50,45] [323.63858]
[50,46] [323.62683]
[50,47] [323.61432]
[50,48] [323.6011]
[50,49] [323.5872]
[50,50] [323.57266]
[50,51] [323.55756]
[50,52] [323.5419]
[50,53] [323.52573]
[50,54] [323.50912]
[50,55] [323.49207]
[50,56] [323.4746]
[50,57] [323.4568]
[50,58] [323.43866]
[50,59] [323.42035]
[50,60] [323.40207]
[50,61] [323.3844]
[50,62] [323.3686]
[50,63] [323.35748]
[51,0] [323.23978]
[51,1] [323.25125]
[51,2] [323.2676]
[51,3] [323.28595]
[51,4] [323.30496]
[51,5] [323.3241]
[51,6] [323.3431]
[51,7] [323.36188]
[51,8] [323.38037]
[51,9] [323.39853]
[51,10] [323.41638]
[51,11] [323.43387]
[51,12] [323.45096]
[51,13] [323.46762]
[51,14] [323.48386]
[51,15] [323.49957]
[51,16] [323.5148]
[51,17] [323.52945]
[51,18] [323.54352]
[51,19] [323.55695]
[51,20] [323.5697]
[51,21] [323.58173]
[51,22] [323.59302]
[51,23] [323.60352]
[51,24] [323.6132]
[51,25] [323.622]
[51,26] [323.62994]
[51,27] [323.63696]
[51,28] [323.64304]
[51,29] [323.64813]
[51,30] [323.65228]
[51,31] [323.65543]
[51,32] [323.65753]
[51,33] [323.65866]
[51,34] [323.65875]
[51,35] [323.65784]
[51,36] [323.65588]
[51,37] [323.65295]
[51,38] [323.649]
[51,39] [323.6441]
[51,40] [323.6382]
[51,41] [323.63144]
[51,42] [323.62375]
[51,43] [323.6152]
[51,44] [323.60583]
[51,45] [323.59564]
[51,46] [323.58472]
[51,47] [323.5731]
[51,48] [323.5608]
[51,49] [323.54788]
[51,50] [323.53436]
[51,51] [323.52032]
[51,52] [323.5058]
[51,53] [323.49078]
[51,54] [323.47537]
[51,55] [323.45956]
[51,56] [323.44342]
[51,57] [323.42694]
[51,58] [323.4102]
[51,59] [323.39328]
[51,60] [323.37643]
[51,61] [323.36014]
[51,62] [323.34558]
[51,63] [323.33533]
[52,0] [323.2197]
[52,1] [323.23038]
[52,2] [323.2456]
[52,3] [323.26266]
[52,4] [323.2804]
[52,5] [323.29822]
[52,6] [323.31595]
[52,7] [323.3335]
[52,8] [323.35077]
[52,9] [323.36777]
[52,10] [323.38446]
[52,11] [323.40082]
[52,12] [323.41684]
[52,13] [323.43246]
[52,14] [323.44766]
[52,15] [323.46243]
[52,16] [323.47668]
[52,17] [323.49045]
[52,18] [323.50363]
[52,19] [323.5162]
[52,20] [323.52817]
[52,21] [323.53946]
[52,22] [323.55002]
[52,23] [323.55984]
[52,24] [323.5689]
[52,25] [323.57718]
[52,26] [323.58463]
[52,27] [323.5912]
[52,28] [323.5969]
[52,29] [323.60168]
[52,30] [323.60556]
[52,31] [323.60852]
[52,32] [323.6105]
[52,33] [323.61157]
[52,34] [323.61166]
[52,35] [323.61084]
[52,36] [323.60904]
[52,37] [323.60632]
[52,38] [323.60266]
[52,39] [323.5981]
[52,40] [323.59265]
[52,41] [323.58636]
[52,42] [323.57922]
[52,43] [323.57126]
[52,44] [323.56256]
[52,45] [323.5531]
[52,46] [323.54294]
[52,47] [323.53214]
[52,48] [323.52072]
[52,49] [323.50873]
[52,50] [323.49622]
[52,51] [323.4832]
[52,52] [323.46973]
[52,53] [323.45584]
[52,54] [323.4416]
[52,55] [323.427]
[52,56] [323.4121]
[52,57] [323.39694]
[52,58] [323.38156]
[52,59] [323.36603]
[52,60] [323.3506]
[52,61] [323.33566]
[52,62] [323.32233]
[52,63] [323.31296]
[53,0] [323.1993]
[53,1] [323.2092]
[53,2] [323.2233]
[53,3] [323.2391]
[53,4] [323.25552]
[53,5] [323.2721]
[53,6] [323.28857]
[53,7] [323.30487]
[53,8] [323.32098]
[53,9] [323.33682]
[53,10] [323.35242]
[53,11] [323.3677]
[53,12] [323.3827]
[53,13] [323.3973]
[53,14] [323.41153]
[53,15] [323.42535]
[53,16] [323.43872]
[53,17] [323.4516]
[53,18] [323.46393]
[53,19] [323.47574]
[53,20] [323.4869]
[53,21] [323.4975]
[53,22] [323.5074]
[53,23] [323.5166]
[53,24] [323.5251]
[53,25] [323.53284]
[53,26] [323.5398]
[53,27] [323.54596]
[53,28] [323.5513]
[53,29] [323.5558]
[53,30] [323.55942]
[53,31] [323.5622]
[53,32] [323.5641]
[53,33] [323.56506]
[53,34] [323.5652]
[53,35] [323.56442]
[53,36] [323.56277]
[53,37] [323.56024]
[53,38] [323.55685]
[53,39] [323.55264]
[53,40] [323.54758]
[53,41] [323.54175]
[53,42] [323.5351]
[53,43] [323.52774]
[53,44] [323.51965]
[53,45] [323.51086]
[53,46] [323.50146]
[53,47] [323.49142]
[53,48] [323.48083]
[53,49] [323.46973]
[53,50] [323.45813]
[53,51] [323.4461]
[53,52] [323.43365]
[53,53] [323.42084]
[53,54] [323.4077]
[53,55] [323.3943]
[53,56] [323.3806]
[53,57] [323.3667]
[53,58] [323.35263]
[53,59] [323.3385]
[53,60] [323.32443]
[53,61] [323.31088]
[53,62] [323.29877]
[53,63] [323.29028]
[54,0] [323.1786]
[54,1] [323.18765]
[54,2] [323.20062]
[54,3] [323.2152]
[54,4] [323.23035]
[54,5] [323.24564]
[54,6] [323.2609]
[54,7] [323.27603]
[54,8] [323.291]
[54,9] [323.30573]
[54,10] [323.32022]
[54,11] [323.3345]
[54,12] [323.34845]
[54,13] [323.36212]
[54,14] [323.3754]
[54,15] [323.38834]
[54,16] [323.40082]
[54,17] [323.41284]
[54,18] [323.4244]
[54,19] [323.43546]
[54,20] [323.44592]
[54,21] [323.4558]
[54,22] [323.4651]
[54,23] [323.4737]
[54,24] [323.48163]
[54,25] [323.4889]
[54,26] [323.4954]
[54,27] [323.50116]
[54,28] [323.50616]
[54,29] [323.51038]
[54,30] [323.51376]
[54,31] [323.51636]
[54,32] [323.51816]
[54,33] [323.5191]
[54,34] [323.51923]
[54,35] [323.51852]
[54,36] [323.517]
[54,37] [323.51468]
[54,38] [323.51154]
[54,39] [323.50763]
[54,40] [323.50296]
[54,41] [323.49753]
[54,42] [323.49136]
[54,43] [323.48453]
[54,44] [323.47702]
[54,45] [323.4689]
[54,46] [323.46017]
[54,47] [323.4509]
[54,48] [323.4411]
[54,49] [323.43082]
[54,50] [323.4201]
[54,51] [323.40897]
[54,52] [323.39752]
[54,53] [323.3857]
[54,54] [323.37366]
[54,55] [323.36136]
[54,56] [323.34888]
[54,57] [323.33618]
[54,58] [323.32343]
[54,59] [323.31058]
[54,60] [323.29788]
[54,61] [323.2857]
[54,62] [323.2748]
[54,63] [323.2672]
[55,0] [323.15744]
[55,1] [323.1657]
[55,2] [323.17755]
[55,3] [323.1909]
[55,4] [323.20477]
[55,5] [323.21884]
[55,6] [323.23288]
[55,7] [323.24686]
[55,8] [323.26068]
[55,9] [323.27435]
[55,10] [323.28784]
[55,11] [323.30112]
[55,12] [323.31412]
[55,13] [323.32684]
[55,14] [323.33923]
[55,15] [323.3513]
[55,16] [323.36295]
[55,17] [323.3742]
[55,18] [323.385]
[55,19] [323.39532]
[55,20] [323.4051]
[55,21] [323.41434]
[55,22] [323.423]
[55,23] [323.43106]
[55,24] [323.4385]
[55,25] [323.44528]
[55,26] [323.45135]
[55,27] [323.45676]
[55,28] [323.46143]
[55,29] [323.46536]
[55,30] [323.46857]
[55,31] [323.471]
[55,32] [323.47266]
[55,33] [323.47357]
[55,34] [323.47372]
[55,35] [323.47308]
[55,36] [323.47168]
[55,37] [323.4695]
[55,38] [323.46664]
[55,39] [323.463]
[55,40] [323.45868]
[55,41] [323.45364]
[55,42] [323.44794]
[55,43] [323.44162]
[55,44] [323.43466]
[55,45] [323.42712]
[55,46] [323.41907]
[55,47] [323.41046]
[55,48] [323.4014]
[55,49] [323.3919]
[55,50] [323.38202]
[55,51] [323.3718]
[55,52] [323.36124]
[55,53] [323.35043]
[55,54] [323.3394]
[55,55] [323.32816]
[55,56] [323.3168]
[55,57] [323.30533]
[55,58] [323.2938]
[55,59] [323.28226]
[55,60] [323.2709]
[55,61] [323.26004]
[55,62] [323.25043]
[55,63] [323.24368]
[56,0] [323.13583]
[56,1] [323.14328]
[56,2] [323.15402]
[56,3] [323.1661]
[56,4] [323.17874]
[56,5] [323.1916]
[56,6] [323.20447]
[56,7] [323.21732]
[56,8] [323.2301]
[56,9] [323.24274]
[56,10] [323.25522]
[56,11] [323.26752]
[56,12] [323.27963]
[56,13] [323.29144]
[56,14] [323.303]
[56,15] [323.31424]
[56,16] [323.3251]
[56,17] [323.3356]
[56,18] [323.34567]
[56,19] [323.35532]
[56,20] [323.36444]
[56,21] [323.37308]
[56,22] [323.38116]
[56,23] [323.3887]
[56,24] [323.39563]
[56,25] [323.40195]
[56,26] [323.40765]
[56,27] [323.4127]
[56,28] [323.41705]
[56,29] [323.42075]
[56,30] [323.42374]
[56,31] [323.42603]
[56,32] [323.42758]
[56,33] [323.42844]
[56,34] [323.4286]
[56,35] [323.428]
[56,36] [323.42673]
[56,37] [323.42474]
[56,38] [323.42206]
[56,39] [323.4187]
[56,40] [323.4147]
[56,41] [323.41003]
[56,42] [323.4048]
[56,43] [323.3989]
[56,44] [323.3925]
[56,45] [323.38553]
[56,46] [323.37805]
[56,47] [323.37012]
[56,48] [323.36176]
[56,49] [323.353]
[56,50] [323.3439]
[56,51] [323.3345]
[56,52] [323.32483]
[56,53] [323.3149]
[56,54] [323.30484]
[56,55] [323.29465]
[56,56] [323.28433]
[56,57] [323.27402]
[56,58] [323.26367]
[56,59] [323.25342]
[56,60] [323.2434]
[56,61] [323.23386]
[56,62] [323.22543]
[56,63] [323.2196]
[57,0] [323.11368]
[57,1] [323.12033]
[57,2] [323.1299]
[57,3] [323.14078]
[57,4] [323.15222]
[57,5] [323.16388]
[57,6] [323.17563]
[57,7] [323.1874]
[57,8] [323.19916]
[57,9] [323.21082]
[57,10] [323.22235]
[57,11] [323.23376]
[57,12] [323.24496]
[57,13] [323.25595]
[57,14] [323.2667]
[57,15] [323.27713]
[57,16] [323.28726]
[57,17] [323.29706]
[57,18] [323.30643]
[57,19] [323.3154]
[57,20] [323.3239]
[57,21] [323.33197]
[57,22] [323.3395]
[57,23] [323.34656]
[57,24] [323.35303]
[57,25] [323.35892]
[57,26] [323.36423]
[57,27] [323.36893]
[57,28] [323.37302]
[57,29] [323.37646]
[57,30] [323.37924]
[57,31] [323.38138]
[57,32] [323.38287]
[57,33] [323.38367]
[57,34] [323.38382]
[57,35] [323.3833]
[57,36] [323.38214]
[57,37] [323.3803]
[57,38] [323.37784]
[57,39] [323.37473]
[57,40] [323.371]
[57,41] [323.3667]
[57,42] [323.36185]
[57,43] [323.3564]
[57,44] [323.35046]
[57,45] [323.34402]
[57,46] [323.33713]
[57,47] [323.32983]
[57,48] [323.3221]
[57,49] [323.31406]
[57,50] [323.3057]
[57,51] [323.29706]
[57,52] [323.2882]
[57,53] [323.27917]
[57,54] [323.27]
[57,55] [323.26074]
[57,56] [323.2515]
[57,57] [323.24222]
[57,58] [323.23303]
[57,59] [323.22403]
[57,60] [323.21527]
[57,61] [323.20703]
[57,62] [323.19983]
[57,63] [323.19485]
[58,0] [323.0909]
[58,1] [323.09674]
[58,2] [323.10522]
[58,3] [323.1149]
[58,4] [323.12515]
[58,5] [323.13568]
[58,6] [323.1464]
[58,7] [323.15714]
[58,8] [323.1679]
[58,9] [323.17862]
[58,10] [323.18927]
[58,11] [323.1998]
[58,12] [323.21017]
[58,13] [323.22037]
[58,14] [323.23035]
[58,15] [323.24005]
[58,16] [323.24948]
[58,17] [323.25858]
[58,18] [323.2673]
[58,19] [323.27567]
[58,20] [323.2836]
[58,21] [323.29108]
[58,22] [323.29813]
[58,23] [323.30466]
[58,24] [323.3107]
[58,25] [323.3162]
[58,26] [323.32117]
[58,27] [323.32553]
[58,28] [323.32935]
[58,29] [323.33255]
[58,30] [323.33517]
[58,31] [323.33716]
[58,32] [323.33856]
[58,33] [323.33932]
[58,34] [323.33948]
[58,35] [323.339]
[58,36] [323.33792]
[58,37] [323.33624]
[58,38] [323.33395]
[58,39] [323.3311]
[58,40] [323.32767]
[58,41] [323.32367]
[58,42] [323.31918]
[58,43] [323.31418]
[58,44] [323.3087]
[58,45] [323.30273]
[58,46] [323.29636]
[58,47] [323.2896]
[58,48] [323.28253]
[58,49] [323.27512]
[58,50] [323.26743]
[58,51] [323.25952]
[58,52] [323.2514]
[58,53] [323.2432]
[58,54] [323.23486]
[58,55] [323.22653]
[58,56] [323.2182]
[58,57] [323.20996]
[58,58] [323.20187]
[58,59] [323.194]
[58,60] [323.18646]
[58,61] [323.17947]
[58,62] [323.1735]
[58,63] [323.1694]
[59,0] [323.06757]
[59,1] [323.0726]
[59,2] [323.08]
[59,3] [323.08853]
[59,4] [323.09766]
[59,5] [323.10712]
[59,6] [323.1168]
[59,7] [323.1266]
[59,8] [323.13644]
[59,9] [323.1463]
[59,10] [323.1561]
[59,11] [323.16583]
[59,12] [323.17545]
[59,13] [323.18488]
[59,14] [323.19412]
[59,15] [323.20312]
[59,16] [323.21188]
[59,17] [323.22034]
[59,18] [323.22845]
[59,19] [323.23624]
[59,20] [323.24362]
[59,21] [323.25058]
[59,22] [323.25714]
[59,23] [323.26324]
[59,24] [323.26886]
[59,25] [323.274]
[59,26] [323.2786]
[59,27] [323.28268]
[59,28] [323.28622]
[59,29] [323.2892]
[59,30] [323.29166]
[59,31] [323.29352]
[59,32] [323.29483]
[59,33] [323.29553]
[59,34] [323.2957]
[59,35] [323.29526]
[59,36] [323.29428]
[59,37] [323.29272]
[59,38] [323.29062]
[59,39] [323.28796]
[59,40] [323.28482]
[59,41] [323.28113]
[59,42] [323.27698]
[59,43] [323.27234]
[59,44] [323.26727]
[59,45] [323.26178]
[59,46] [323.25592]
[59,47] [323.2497]
[59,48] [323.24316]
[59,49] [323.23633]
[59,50] [323.22928]
[59,51] [323.22205]
[59,52] [323.21463]
[59,53] [323.20715]
[59,54] [323.19962]
[59,55] [323.19208]
[59,56] [323.18463]
[59,57] [323.17734]
[59,58] [323.17023]
[59,59] [323.16342]
[59,60] [323.15707]
[59,61] [323.15128]
[59,62] [323.14645]
[59,63] [323.14325]
[60,0] [323.04385]
[60,1] [323.04813]
[60,2] [323.05444]
[60,3] [323.06192]
[60,4] [323.07]
[60,5] [323.0785]
[60,6] [323.08725]
[60,7] [323.09616]
[60,8] [323.10516]
[60,9] [323.11423]
[60,10] [323.12326]
[60,11] [323.13226]
[60,12] [323.14114]
[60,13] [323.14987]
[60,14] [323.15845]
[60,15] [323.1668]
[60,16] [323.17496]
[60,17] [323.1828]
[60,18] [323.19037]
[60,19] [323.19757]
[60,20] [323.20447]
[60,21] [323.21094]
[60,22] [323.21704]
[60,23] [323.22272]
[60,24] [323.22794]
[60,25] [323.23273]
[60,26] [323.237]
[60,27] [323.2408]
[60,28] [323.24414]
[60,29] [323.24692]
[60,30] [323.2492]
[60,31] [323.25095]
[60,32] [323.25217]
[60,33] [323.25284]
[60,34] [323.253]
[60,35] [323.2526]
[60,36] [323.25168]
[60,37] [323.25024]
[60,38] [323.2483]
[60,39] [323.24585]
[60,40] [323.24292]
[60,41] [323.23953]
[60,42] [323.2357]
[60,43] [323.2314]
[60,44] [323.2267]
[60,45] [323.22165]
[60,46] [323.21622]
[60,47] [323.21048]
[60,48] [323.20447]
[60,49] [323.19818]
[60,50] [323.1917]
[60,51] [323.18506]
[60,52] [323.1783]
[60,53] [323.17148]
[60,54] [323.16464]
[60,55] [323.15784]
[60,56] [323.15118]
[60,57] [323.14468]
[60,58] [323.1385]
[60,59] [323.13266]
[60,60] [323.12735]
[60,61] [323.12268]
[60,62] [323.11893]
[60,63] [323.11658]
[61,0] [323.02045]
[61,1] [323.02393]
[61,2] [323.02933]
[61,3] [323.03583]
[61,4] [323.043]
[61,5] [323.05066]
[61,6] [323.0586]
[61,7] [323.06674]
[61,8] [323.075]
[61,9] [323.08334]
[61,10] [323.0917]
[61,11] [323.1]
[61,12] [323.10828]
[61,13] [323.1164]
[61,14] [323.12436]
[61,15] [323.13214]
[61,16] [323.1397]
[61,17] [323.14703]
[61,18] [323.15405]
[61,19] [323.1608]
[61,20] [323.1672]
[61,21] [323.17325]
[61,22] [323.17896]
[61,23] [323.18423]
[61,24] [323.18912]
[61,25] [323.19357]
[61,26] [323.19757]
[61,27] [323.20114]
[61,28] [323.20422]
[61,29] [323.20682]
[61,30] [323.20895]
[61,31] [323.21057]
[61,32] [323.21173]
[61,33] [323.21237]
[61,34] [323.2125]
[61,35] [323.21216]
[61,36] [323.2113]
[61,37] [323.21]
[61,38] [323.2082]
[61,39] [323.2059]
[61,40] [323.2032]
[61,41] [323.20004]
[61,42] [323.19647]
[61,43] [323.1925]
[61,44] [323.18814]
[61,45] [323.18347]
[61,46] [323.17844]
[61,47] [323.17313]
[61,48] [323.16754]
[61,49] [323.16177]
[61,50] [323.1558]
[61,51] [323.14966]
[61,52] [323.14346]
[61,53] [323.1372]
[61,54] [323.13095]
[61,55] [323.1248]
[61,56] [323.1188]
[61,57] [323.11304]
[61,58] [323.10757]
[61,59] [323.10257]
[61,60] [323.09814]
[61,61] [323.09445]
[61,62] [323.0917]
[61,63] [323.09015]
[62,0] [322.99896]
[62,1] [323.00183]
[62,2] [323.00644]
[62,3] [323.01218]
[62,4] [323.01862]
[62,5] [323.02557]
[62,6] [323.03287]
[62,7] [323.0404]
[62,8] [323.04807]
[62,9] [323.05582]
[62,10] [323.06363]
[62,11] [323.07138]
[62,12] [323.0791]
[62,13] [323.0867]
[62,14] [323.09418]
[62,15] [323.10147]
[62,16] [323.10858]
[62,17] [323.11545]
[62,18] [323.12204]
[62,19] [323.12836]
[62,20] [323.13437]
[62,21] [323.14008]
[62,22] [323.1454]
[62,23] [323.15036]
[62,24] [323.15494]
[62,25] [323.15915]
[62,26] [323.1629]
[62,27] [323.16623]
[62,28] [323.16913]
[62,29] [323.1716]
[62,30] [323.17358]
[62,31] [323.17514]
[62,32] [323.1762]
[62,33] [323.17682]
[62,34] [323.17694]
[62,35] [323.1766]
[62,36] [323.17584]
[62,37] [323.1746]
[62,38] [323.1729]
[62,39] [323.1708]
[62,40] [323.16824]
[62,41] [323.1653]
[62,42] [323.16196]
[62,43] [323.15823]
[62,44] [323.15417]
[62,45] [323.14978]
[62,46] [323.1451]
[62,47] [323.14014]
[62,48] [323.13495]
[62,49] [323.12955]
[62,50] [323.12396]
[62,51] [323.1183]
[62,52] [323.11252]
[62,53] [323.10672]
[62,54] [323.10095]
[62,55] [323.0953]
[62,56] [323.0898]
[62,57] [323.0846]
[62,58] [323.0797]
[62,59] [323.07535]
[62,60] [323.0716]
[62,61] [323.06866]
[62,62] [323.06668]
[62,63] [323.0658]
[63,0] [322.98352]
[63,1] [322.98596]
[63,2] [322.99008]
[63,3] [322.99533]
[63,4] [323.00134]
[63,5] [323.00787]
[63,6] [323.01477]
[63,7] [323.0219]
[63,8] [323.0292]
[63,9] [323.0366]
[63,10] [323.044]
[63,11] [323.05142]
[63,12] [323.05878]
[63,13] [323.06607]
[63,14] [323.07318]
[63,15] [323.08017]
[63,16] [323.08694]
[63,17] [323.0935]
[63,18] [323.09985]
[63,19] [323.1059]
[63,20] [323.11163]
[63,21] [323.1171]
[63,22] [323.1222]
[63,23] [323.12695]
[63,24] [323.13135]
[63,25] [323.13535]
[63,26] [323.13895]
[63,27] [323.14215]
[63,28] [323.14493]
[63,29] [323.14728]
[63,30] [323.14917]
[63,31] [323.15063]
[63,32] [323.15167]
[63,33] [323.15225]
[63,34] [323.1524]
[63,35] [323.1521]
[63,36] [323.15134]
[63,37] [323.15015]
[63,38] [323.14856]
[63,39] [323.1465]
[63,40] [323.1441]
[63,41] [323.14127]
[63,42] [323.1381]
[63,43] [323.13455]
[63,44] [323.13065]
[63,45] [323.12646]
[63,46] [323.122]
[63,47] [323.11725]
[63,48] [323.1123]
[63,49] [323.10715]
[63,50] [323.10184]
[63,51] [323.09644]
[63,52] [323.09094]
[63,53] [323.08545]
[63,54] [323.08]
[63,55] [323.07465]
[63,56] [323.06946]
[63,57] [323.06458]
[63,58] [323.06006]
[63,59] [323.05606]
[63,60] [323.0527]
[63,61] [323.05017]
[63,62] [323.04868]
[63,63] [323.04822]
